[0.015s] Invoking command in '/home/nathanielrobotics/turtlebot3_ws/build/turtlebot3_node': AMENT_PREFIX_PATH=/home/nathanielrobotics/turtlebot3_ws/install/turtlebot3_msgs:/home/nathanielrobotics/turtlebot3_ws/install/dynamixel_sdk:${AMENT_PREFIX_PATH} CMAKE_PREFIX_PATH=/home/nathanielrobotics/turtlebot3_ws/install/turtlebot3_msgs:/home/nathanielrobotics/turtlebot3_ws/install/dynamixel_sdk:/home/nathanielrobotics/ros2_ws/install/ur_simulation_gazebo:/home/nathanielrobotics/ros2_ws/install/ur:/home/nathanielrobotics/ros2_ws/install/ur_calibration:/home/nathanielrobotics/ros2_ws/install/ur_robot_driver:/home/nathanielrobotics/ros2_ws/install/ur_moveit_config:/home/nathanielrobotics/ros2_ws/install/ur_bringup:/home/nathanielrobotics/ros2_ws/install/ur_description:/home/nathanielrobotics/ros2_ws/install/ur_controllers:/home/nathanielrobotics/ros2_ws/install/ur_dashboard_msgs:/home/nathanielrobotics/ros2_ws/install/ur3e_mrc:/home/nathanielrobotics/ros2_ws/install/forward_kinematics:/home/nathanielrobotics/ros2_ws/install/ur3e_enme480:/opt/ros/humble LD_LIBRARY_PATH=/home/nathanielrobotics/turtlebot3_ws/install/turtlebot3_msgs/lib:/home/nathanielrobotics/turtlebot3_ws/install/dynamixel_sdk/lib:${LD_LIBRARY_PATH} PYTHONPATH=/home/nathanielrobotics/turtlebot3_ws/install/turtlebot3_msgs/local/lib/python3.10/dist-packages:/home/nathanielrobotics/turtlebot3_ws/install/dynamixel_sdk/local/lib/python3.10/dist-packages:${PYTHONPATH} /usr/bin/cmake /home/nathanielrobotics/turtlebot3_ws/src/turtlebot3/turtlebot3_node -DAMENT_CMAKE_SYMLINK_INSTALL=1 -DCMAKE_INSTALL_PREFIX=/home/nathanielrobotics/turtlebot3_ws/install/turtlebot3_node
[0.071s] -- The C compiler identification is GNU 11.4.0
[0.126s] -- The CXX compiler identification is GNU 11.4.0
[0.134s] -- Detecting C compiler ABI info
[0.205s] -- Detecting C compiler ABI info - done
[0.213s] -- Check for working C compiler: /usr/bin/cc - skipped
[0.213s] -- Detecting C compile features
[0.213s] -- Detecting C compile features - done
[0.216s] -- Detecting CXX compiler ABI info
[0.299s] -- Detecting CXX compiler ABI info - done
[0.305s] -- Check for working CXX compiler: /usr/bin/c++ - skipped
[0.305s] -- Detecting CXX compile features
[0.306s] -- Detecting CXX compile features - done
[0.309s] -- Found ament_cmake: 1.3.11 (/opt/ros/humble/share/ament_cmake/cmake)
[0.467s] -- Found Python3: /usr/bin/python3 (found version "3.10.12") found components: Interpreter 
[0.531s] -- Override CMake install command with custom implementation using symlinks instead of copying resources
[0.569s] -- Found dynamixel_sdk: 3.8.3 (/home/nathanielrobotics/turtlebot3_ws/install/dynamixel_sdk/share/dynamixel_sdk/cmake)
[0.572s] -- Found geometry_msgs: 4.2.4 (/opt/ros/humble/share/geometry_msgs/cmake)
[0.615s] -- Found rosidl_generator_c: 3.1.6 (/opt/ros/humble/share/rosidl_generator_c/cmake)
[0.621s] -- Found rosidl_adapter: 3.1.6 (/opt/ros/humble/share/rosidl_adapter/cmake)
[0.632s] -- Found rosidl_generator_cpp: 3.1.6 (/opt/ros/humble/share/rosidl_generator_cpp/cmake)
[0.645s] -- Using all available rosidl_typesupport_c: rosidl_typesupport_fastrtps_c;rosidl_typesupport_introspection_c
[0.662s] -- Using all available rosidl_typesupport_cpp: rosidl_typesupport_fastrtps_cpp;rosidl_typesupport_introspection_cpp
[0.700s] -- Found message_filters: 4.3.5 (/opt/ros/humble/share/message_filters/cmake)
[0.751s] -- Found rmw_implementation_cmake: 6.1.2 (/opt/ros/humble/share/rmw_implementation_cmake/cmake)
[0.755s] -- Found rmw_fastrtps_cpp: 6.2.7 (/opt/ros/humble/share/rmw_fastrtps_cpp/cmake)
[0.849s] -- Found OpenSSL: /usr/lib/x86_64-linux-gnu/libcrypto.so (found version "3.0.2")  
[0.877s] -- Found FastRTPS: /opt/ros/humble/include  
[0.917s] -- Using RMW implementation 'rmw_fastrtps_cpp' as default
[0.927s] -- Looking for pthread.h
[1.001s] -- Looking for pthread.h - found
[1.001s] -- Performing Test CMAKE_HAVE_LIBC_PTHREAD
[1.080s] -- Performing Test CMAKE_HAVE_LIBC_PTHREAD - Success
[1.082s] -- Found Threads: TRUE  
[1.126s] -- Found nav_msgs: 4.2.4 (/opt/ros/humble/share/nav_msgs/cmake)
[1.154s] -- Found sensor_msgs: 4.2.4 (/opt/ros/humble/share/sensor_msgs/cmake)
[1.177s] -- Found std_srvs: 4.2.4 (/opt/ros/humble/share/std_srvs/cmake)
[1.199s] -- Found tf2: 0.25.12 (/opt/ros/humble/share/tf2/cmake)
[1.211s] -- Found tf2_ros: 0.25.12 (/opt/ros/humble/share/tf2_ros/cmake)
[1.314s] -- Found turtlebot3_msgs: 2.3.0 (/home/nathanielrobotics/turtlebot3_ws/install/turtlebot3_msgs/share/turtlebot3_msgs/cmake)
[1.398s] -- Configuring done
[1.413s] -- Generating done
[1.418s] -- Build files have been written to: /home/nathanielrobotics/turtlebot3_ws/build/turtlebot3_node
[1.428s] Invoked command in '/home/nathanielrobotics/turtlebot3_ws/build/turtlebot3_node' returned '0': AMENT_PREFIX_PATH=/home/nathanielrobotics/turtlebot3_ws/install/turtlebot3_msgs:/home/nathanielrobotics/turtlebot3_ws/install/dynamixel_sdk:${AMENT_PREFIX_PATH} CMAKE_PREFIX_PATH=/home/nathanielrobotics/turtlebot3_ws/install/turtlebot3_msgs:/home/nathanielrobotics/turtlebot3_ws/install/dynamixel_sdk:/home/nathanielrobotics/ros2_ws/install/ur_simulation_gazebo:/home/nathanielrobotics/ros2_ws/install/ur:/home/nathanielrobotics/ros2_ws/install/ur_calibration:/home/nathanielrobotics/ros2_ws/install/ur_robot_driver:/home/nathanielrobotics/ros2_ws/install/ur_moveit_config:/home/nathanielrobotics/ros2_ws/install/ur_bringup:/home/nathanielrobotics/ros2_ws/install/ur_description:/home/nathanielrobotics/ros2_ws/install/ur_controllers:/home/nathanielrobotics/ros2_ws/install/ur_dashboard_msgs:/home/nathanielrobotics/ros2_ws/install/ur3e_mrc:/home/nathanielrobotics/ros2_ws/install/forward_kinematics:/home/nathanielrobotics/ros2_ws/install/ur3e_enme480:/opt/ros/humble LD_LIBRARY_PATH=/home/nathanielrobotics/turtlebot3_ws/install/turtlebot3_msgs/lib:/home/nathanielrobotics/turtlebot3_ws/install/dynamixel_sdk/lib:${LD_LIBRARY_PATH} PYTHONPATH=/home/nathanielrobotics/turtlebot3_ws/install/turtlebot3_msgs/local/lib/python3.10/dist-packages:/home/nathanielrobotics/turtlebot3_ws/install/dynamixel_sdk/local/lib/python3.10/dist-packages:${PYTHONPATH} /usr/bin/cmake /home/nathanielrobotics/turtlebot3_ws/src/turtlebot3/turtlebot3_node -DAMENT_CMAKE_SYMLINK_INSTALL=1 -DCMAKE_INSTALL_PREFIX=/home/nathanielrobotics/turtlebot3_ws/install/turtlebot3_node
[1.430s] Invoking command in '/home/nathanielrobotics/turtlebot3_ws/build/turtlebot3_node': AMENT_PREFIX_PATH=/home/nathanielrobotics/turtlebot3_ws/install/turtlebot3_msgs:/home/nathanielrobotics/turtlebot3_ws/install/dynamixel_sdk:${AMENT_PREFIX_PATH} CMAKE_PREFIX_PATH=/home/nathanielrobotics/turtlebot3_ws/install/turtlebot3_msgs:/home/nathanielrobotics/turtlebot3_ws/install/dynamixel_sdk:/home/nathanielrobotics/ros2_ws/install/ur_simulation_gazebo:/home/nathanielrobotics/ros2_ws/install/ur:/home/nathanielrobotics/ros2_ws/install/ur_calibration:/home/nathanielrobotics/ros2_ws/install/ur_robot_driver:/home/nathanielrobotics/ros2_ws/install/ur_moveit_config:/home/nathanielrobotics/ros2_ws/install/ur_bringup:/home/nathanielrobotics/ros2_ws/install/ur_description:/home/nathanielrobotics/ros2_ws/install/ur_controllers:/home/nathanielrobotics/ros2_ws/install/ur_dashboard_msgs:/home/nathanielrobotics/ros2_ws/install/ur3e_mrc:/home/nathanielrobotics/ros2_ws/install/forward_kinematics:/home/nathanielrobotics/ros2_ws/install/ur3e_enme480:/opt/ros/humble LD_LIBRARY_PATH=/home/nathanielrobotics/turtlebot3_ws/install/turtlebot3_msgs/lib:/home/nathanielrobotics/turtlebot3_ws/install/dynamixel_sdk/lib:${LD_LIBRARY_PATH} PYTHONPATH=/home/nathanielrobotics/turtlebot3_ws/install/turtlebot3_msgs/local/lib/python3.10/dist-packages:/home/nathanielrobotics/turtlebot3_ws/install/dynamixel_sdk/local/lib/python3.10/dist-packages:${PYTHONPATH} /usr/bin/cmake --build /home/nathanielrobotics/turtlebot3_ws/build/turtlebot3_node -- -j16 -l16
[1.482s] [ 28%] [32mBuilding CXX object CMakeFiles/turtlebot3_node_lib.dir/src/sensors/battery_state.cpp.o[0m
[1.483s] [ 28%] [32mBuilding CXX object CMakeFiles/turtlebot3_node_lib.dir/src/devices/reset.cpp.o[0m
[1.483s] [ 28%] [32mBuilding CXX object CMakeFiles/turtlebot3_node_lib.dir/src/turtlebot3.cpp.o[0m
[1.483s] [ 28%] [32mBuilding CXX object CMakeFiles/turtlebot3_node_lib.dir/src/sensors/imu.cpp.o[0m
[1.483s] [ 35%] [32mBuilding CXX object CMakeFiles/turtlebot3_node_lib.dir/src/devices/motor_power.cpp.o[0m
[1.483s] [ 42%] [32mBuilding CXX object CMakeFiles/turtlebot3_node_lib.dir/src/devices/sound.cpp.o[0m
[1.484s] [ 50%] [32mBuilding CXX object CMakeFiles/turtlebot3_node_lib.dir/src/dynamixel_sdk_wrapper.cpp.o[0m
[1.485s] [ 57%] [32mBuilding CXX object CMakeFiles/turtlebot3_node_lib.dir/src/odometry.cpp.o[0m
[1.485s] [ 64%] [32mBuilding CXX object CMakeFiles/turtlebot3_node_lib.dir/src/diff_drive_controller.cpp.o[0m
[1.486s] [ 71%] [32mBuilding CXX object CMakeFiles/turtlebot3_node_lib.dir/src/sensors/sensor_state.cpp.o[0m
[1.486s] [ 78%] [32mBuilding CXX object CMakeFiles/turtlebot3_node_lib.dir/src/sensors/joint_state.cpp.o[0m
[17.139s] [ 85%] [32m[1mLinking CXX static library libturtlebot3_node_lib.a[0m
[17.766s] [ 85%] Built target turtlebot3_node_lib
[17.800s] [ 92%] [32mBuilding CXX object CMakeFiles/turtlebot3_ros.dir/src/node_main.cpp.o[0m
[20.607s] [100%] [32m[1mLinking CXX executable turtlebot3_ros[0m
[22.084s] [100%] Built target turtlebot3_ros
[22.095s] Invoked command in '/home/nathanielrobotics/turtlebot3_ws/build/turtlebot3_node' returned '0': AMENT_PREFIX_PATH=/home/nathanielrobotics/turtlebot3_ws/install/turtlebot3_msgs:/home/nathanielrobotics/turtlebot3_ws/install/dynamixel_sdk:${AMENT_PREFIX_PATH} CMAKE_PREFIX_PATH=/home/nathanielrobotics/turtlebot3_ws/install/turtlebot3_msgs:/home/nathanielrobotics/turtlebot3_ws/install/dynamixel_sdk:/home/nathanielrobotics/ros2_ws/install/ur_simulation_gazebo:/home/nathanielrobotics/ros2_ws/install/ur:/home/nathanielrobotics/ros2_ws/install/ur_calibration:/home/nathanielrobotics/ros2_ws/install/ur_robot_driver:/home/nathanielrobotics/ros2_ws/install/ur_moveit_config:/home/nathanielrobotics/ros2_ws/install/ur_bringup:/home/nathanielrobotics/ros2_ws/install/ur_description:/home/nathanielrobotics/ros2_ws/install/ur_controllers:/home/nathanielrobotics/ros2_ws/install/ur_dashboard_msgs:/home/nathanielrobotics/ros2_ws/install/ur3e_mrc:/home/nathanielrobotics/ros2_ws/install/forward_kinematics:/home/nathanielrobotics/ros2_ws/install/ur3e_enme480:/opt/ros/humble LD_LIBRARY_PATH=/home/nathanielrobotics/turtlebot3_ws/install/turtlebot3_msgs/lib:/home/nathanielrobotics/turtlebot3_ws/install/dynamixel_sdk/lib:${LD_LIBRARY_PATH} PYTHONPATH=/home/nathanielrobotics/turtlebot3_ws/install/turtlebot3_msgs/local/lib/python3.10/dist-packages:/home/nathanielrobotics/turtlebot3_ws/install/dynamixel_sdk/local/lib/python3.10/dist-packages:${PYTHONPATH} /usr/bin/cmake --build /home/nathanielrobotics/turtlebot3_ws/build/turtlebot3_node -- -j16 -l16
[22.097s] Invoking command in '/home/nathanielrobotics/turtlebot3_ws/build/turtlebot3_node': AMENT_PREFIX_PATH=/home/nathanielrobotics/turtlebot3_ws/install/turtlebot3_msgs:/home/nathanielrobotics/turtlebot3_ws/install/dynamixel_sdk:${AMENT_PREFIX_PATH} CMAKE_PREFIX_PATH=/home/nathanielrobotics/turtlebot3_ws/install/turtlebot3_msgs:/home/nathanielrobotics/turtlebot3_ws/install/dynamixel_sdk:/home/nathanielrobotics/ros2_ws/install/ur_simulation_gazebo:/home/nathanielrobotics/ros2_ws/install/ur:/home/nathanielrobotics/ros2_ws/install/ur_calibration:/home/nathanielrobotics/ros2_ws/install/ur_robot_driver:/home/nathanielrobotics/ros2_ws/install/ur_moveit_config:/home/nathanielrobotics/ros2_ws/install/ur_bringup:/home/nathanielrobotics/ros2_ws/install/ur_description:/home/nathanielrobotics/ros2_ws/install/ur_controllers:/home/nathanielrobotics/ros2_ws/install/ur_dashboard_msgs:/home/nathanielrobotics/ros2_ws/install/ur3e_mrc:/home/nathanielrobotics/ros2_ws/install/forward_kinematics:/home/nathanielrobotics/ros2_ws/install/ur3e_enme480:/opt/ros/humble LD_LIBRARY_PATH=/home/nathanielrobotics/turtlebot3_ws/install/turtlebot3_msgs/lib:/home/nathanielrobotics/turtlebot3_ws/install/dynamixel_sdk/lib:${LD_LIBRARY_PATH} PYTHONPATH=/home/nathanielrobotics/turtlebot3_ws/install/turtlebot3_msgs/local/lib/python3.10/dist-packages:/home/nathanielrobotics/turtlebot3_ws/install/dynamixel_sdk/local/lib/python3.10/dist-packages:${PYTHONPATH} /usr/bin/cmake --install /home/nathanielrobotics/turtlebot3_ws/build/turtlebot3_node
[22.103s] -- Install configuration: ""
[22.104s] -- Execute custom install script
[22.104s] -- Symlinking: /home/nathanielrobotics/turtlebot3_ws/install/turtlebot3_node/share/turtlebot3_node/param/burger.yaml
[22.111s] -- Symlinking: /home/nathanielrobotics/turtlebot3_ws/install/turtlebot3_node/share/turtlebot3_node/param/waffle.yaml
[22.119s] -- Symlinking: /home/nathanielrobotics/turtlebot3_ws/install/turtlebot3_node/share/turtlebot3_node/param/waffle_pi.yaml
[22.127s] -- Symlinking: /home/nathanielrobotics/turtlebot3_ws/install/turtlebot3_node/lib/turtlebot3_node/turtlebot3_ros
[22.134s] -- Symlinking: /home/nathanielrobotics/turtlebot3_ws/install/turtlebot3_node/share/ament_index/resource_index/package_run_dependencies/turtlebot3_node
[22.143s] -- Symlinking: /home/nathanielrobotics/turtlebot3_ws/install/turtlebot3_node/share/ament_index/resource_index/parent_prefix_path/turtlebot3_node
[22.150s] -- Symlinking: /home/nathanielrobotics/turtlebot3_ws/install/turtlebot3_node/share/turtlebot3_node/environment/ament_prefix_path.sh
[22.156s] -- Symlinking: /home/nathanielrobotics/turtlebot3_ws/install/turtlebot3_node/share/turtlebot3_node/environment/ament_prefix_path.dsv
[22.165s] -- Symlinking: /home/nathanielrobotics/turtlebot3_ws/install/turtlebot3_node/share/turtlebot3_node/environment/path.sh
[22.174s] -- Symlinking: /home/nathanielrobotics/turtlebot3_ws/install/turtlebot3_node/share/turtlebot3_node/environment/path.dsv
[22.181s] -- Symlinking: /home/nathanielrobotics/turtlebot3_ws/install/turtlebot3_node/share/turtlebot3_node/local_setup.bash
[22.188s] -- Symlinking: /home/nathanielrobotics/turtlebot3_ws/install/turtlebot3_node/share/turtlebot3_node/local_setup.sh
[22.198s] -- Symlinking: /home/nathanielrobotics/turtlebot3_ws/install/turtlebot3_node/share/turtlebot3_node/local_setup.zsh
[22.208s] -- Symlinking: /home/nathanielrobotics/turtlebot3_ws/install/turtlebot3_node/share/turtlebot3_node/local_setup.dsv
[22.217s] -- Symlinking: /home/nathanielrobotics/turtlebot3_ws/install/turtlebot3_node/share/turtlebot3_node/package.dsv
[22.229s] -- Symlinking: /home/nathanielrobotics/turtlebot3_ws/install/turtlebot3_node/share/ament_index/resource_index/packages/turtlebot3_node
[22.239s] -- Symlinking: /home/nathanielrobotics/turtlebot3_ws/install/turtlebot3_node/share/turtlebot3_node/cmake/ament_cmake_export_include_directories-extras.cmake
[22.253s] -- Symlinking: /home/nathanielrobotics/turtlebot3_ws/install/turtlebot3_node/share/turtlebot3_node/cmake/turtlebot3_nodeConfig.cmake
[22.263s] -- Symlinking: /home/nathanielrobotics/turtlebot3_ws/install/turtlebot3_node/share/turtlebot3_node/cmake/turtlebot3_nodeConfig-version.cmake
[22.271s] -- Symlinking: /home/nathanielrobotics/turtlebot3_ws/install/turtlebot3_node/share/turtlebot3_node/package.xml
[22.287s] Invoked command in '/home/nathanielrobotics/turtlebot3_ws/build/turtlebot3_node' returned '0': AMENT_PREFIX_PATH=/home/nathanielrobotics/turtlebot3_ws/install/turtlebot3_msgs:/home/nathanielrobotics/turtlebot3_ws/install/dynamixel_sdk:${AMENT_PREFIX_PATH} CMAKE_PREFIX_PATH=/home/nathanielrobotics/turtlebot3_ws/install/turtlebot3_msgs:/home/nathanielrobotics/turtlebot3_ws/install/dynamixel_sdk:/home/nathanielrobotics/ros2_ws/install/ur_simulation_gazebo:/home/nathanielrobotics/ros2_ws/install/ur:/home/nathanielrobotics/ros2_ws/install/ur_calibration:/home/nathanielrobotics/ros2_ws/install/ur_robot_driver:/home/nathanielrobotics/ros2_ws/install/ur_moveit_config:/home/nathanielrobotics/ros2_ws/install/ur_bringup:/home/nathanielrobotics/ros2_ws/install/ur_description:/home/nathanielrobotics/ros2_ws/install/ur_controllers:/home/nathanielrobotics/ros2_ws/install/ur_dashboard_msgs:/home/nathanielrobotics/ros2_ws/install/ur3e_mrc:/home/nathanielrobotics/ros2_ws/install/forward_kinematics:/home/nathanielrobotics/ros2_ws/install/ur3e_enme480:/opt/ros/humble LD_LIBRARY_PATH=/home/nathanielrobotics/turtlebot3_ws/install/turtlebot3_msgs/lib:/home/nathanielrobotics/turtlebot3_ws/install/dynamixel_sdk/lib:${LD_LIBRARY_PATH} PYTHONPATH=/home/nathanielrobotics/turtlebot3_ws/install/turtlebot3_msgs/local/lib/python3.10/dist-packages:/home/nathanielrobotics/turtlebot3_ws/install/dynamixel_sdk/local/lib/python3.10/dist-packages:${PYTHONPATH} /usr/bin/cmake --install /home/nathanielrobotics/turtlebot3_ws/build/turtlebot3_node
