[0.016s] Invoking command in '/home/nathanielrobotics/turtlebot3_ws/build/dynamixel_sdk_examples': AMENT_PREFIX_PATH=/home/nathanielrobotics/turtlebot3_ws/install/dynamixel_sdk_custom_interfaces:/home/nathanielrobotics/turtlebot3_ws/install/dynamixel_sdk:${AMENT_PREFIX_PATH} CMAKE_PREFIX_PATH=/home/nathanielrobotics/turtlebot3_ws/install/dynamixel_sdk_custom_interfaces:/home/nathanielrobotics/turtlebot3_ws/install/dynamixel_sdk:/home/nathanielrobotics/ros2_ws/install/ur_simulation_gazebo:/home/nathanielrobotics/ros2_ws/install/ur:/home/nathanielrobotics/ros2_ws/install/ur_calibration:/home/nathanielrobotics/ros2_ws/install/ur_robot_driver:/home/nathanielrobotics/ros2_ws/install/ur_moveit_config:/home/nathanielrobotics/ros2_ws/install/ur_bringup:/home/nathanielrobotics/ros2_ws/install/ur_description:/home/nathanielrobotics/ros2_ws/install/ur_controllers:/home/nathanielrobotics/ros2_ws/install/ur_dashboard_msgs:/home/nathanielrobotics/ros2_ws/install/ur3e_mrc:/home/nathanielrobotics/ros2_ws/install/forward_kinematics:/home/nathanielrobotics/ros2_ws/install/ur3e_enme480:/opt/ros/humble LD_LIBRARY_PATH=/home/nathanielrobotics/turtlebot3_ws/install/dynamixel_sdk_custom_interfaces/lib:/home/nathanielrobotics/turtlebot3_ws/install/dynamixel_sdk/lib:${LD_LIBRARY_PATH} PYTHONPATH=/home/nathanielrobotics/turtlebot3_ws/install/dynamixel_sdk_custom_interfaces/local/lib/python3.10/dist-packages:/home/nathanielrobotics/turtlebot3_ws/install/dynamixel_sdk/local/lib/python3.10/dist-packages:${PYTHONPATH} /usr/bin/cmake /home/nathanielrobotics/turtlebot3_ws/src/DynamixelSDK/ros/dynamixel_sdk_examples -DAMENT_CMAKE_SYMLINK_INSTALL=1 -DCMAKE_INSTALL_PREFIX=/home/nathanielrobotics/turtlebot3_ws/install/dynamixel_sdk_examples
[0.066s] -- The C compiler identification is GNU 11.4.0
[0.119s] -- The CXX compiler identification is GNU 11.4.0
[0.126s] -- Detecting C compiler ABI info
[0.190s] -- Detecting C compiler ABI info - done
[0.199s] -- Check for working C compiler: /usr/bin/cc - skipped
[0.199s] -- Detecting C compile features
[0.199s] -- Detecting C compile features - done
[0.203s] -- Detecting CXX compiler ABI info
[0.277s] -- Detecting CXX compiler ABI info - done
[0.283s] -- Check for working CXX compiler: /usr/bin/c++ - skipped
[0.283s] -- Detecting CXX compile features
[0.284s] -- Detecting CXX compile features - done
[0.287s] -- Found ament_cmake: 1.3.11 (/opt/ros/humble/share/ament_cmake/cmake)
[0.433s] -- Found Python3: /usr/bin/python3 (found version "3.10.12") found components: Interpreter 
[0.488s] -- Override CMake install command with custom implementation using symlinks instead of copying resources
[0.523s] -- Found dynamixel_sdk: 3.8.3 (/home/nathanielrobotics/turtlebot3_ws/install/dynamixel_sdk/share/dynamixel_sdk/cmake)
[0.524s] -- Found dynamixel_sdk_custom_interfaces: 3.8.3 (/home/nathanielrobotics/turtlebot3_ws/install/dynamixel_sdk_custom_interfaces/share/dynamixel_sdk_custom_interfaces/cmake)
[0.559s] -- Found rosidl_generator_c: 3.1.6 (/opt/ros/humble/share/rosidl_generator_c/cmake)
[0.565s] -- Found rosidl_adapter: 3.1.6 (/opt/ros/humble/share/rosidl_adapter/cmake)
[0.574s] -- Found rosidl_generator_cpp: 3.1.6 (/opt/ros/humble/share/rosidl_generator_cpp/cmake)
[0.585s] -- Using all available rosidl_typesupport_c: rosidl_typesupport_fastrtps_c;rosidl_typesupport_introspection_c
[0.601s] -- Using all available rosidl_typesupport_cpp: rosidl_typesupport_fastrtps_cpp;rosidl_typesupport_introspection_cpp
[0.628s] -- Found rclcpp: 16.0.11 (/opt/ros/humble/share/rclcpp/cmake)
[0.693s] -- Found rmw_implementation_cmake: 6.1.2 (/opt/ros/humble/share/rmw_implementation_cmake/cmake)
[0.700s] -- Found rmw_fastrtps_cpp: 6.2.7 (/opt/ros/humble/share/rmw_fastrtps_cpp/cmake)
[0.817s] -- Found OpenSSL: /usr/lib/x86_64-linux-gnu/libcrypto.so (found version "3.0.2")  
[0.843s] -- Found FastRTPS: /opt/ros/humble/include  
[0.879s] -- Using RMW implementation 'rmw_fastrtps_cpp' as default
[0.895s] -- Looking for pthread.h
[0.965s] -- Looking for pthread.h - found
[0.966s] -- Performing Test CMAKE_HAVE_LIBC_PTHREAD
[1.036s] -- Performing Test CMAKE_HAVE_LIBC_PTHREAD - Success
[1.036s] -- Found Threads: TRUE  
[1.106s] -- Found rclpy: 3.3.15 (/opt/ros/humble/share/rclpy/cmake)
[1.111s] -- Found ament_lint_auto: 0.12.11 (/opt/ros/humble/share/ament_lint_auto/cmake)
[1.195s] -- Added test 'copyright' to check source files copyright and LICENSE
[1.196s] -- Added test 'cppcheck' to perform static code analysis on C / C++ code
[1.196s] -- Configured cppcheck include dirs: /home/nathanielrobotics/turtlebot3_ws/src/DynamixelSDK/ros/dynamixel_sdk_examples/include
[1.196s] -- Configured cppcheck exclude dirs and/or files: 
[1.197s] -- Added test 'cpplint' to check C / C++ code against the Google style
[1.197s] -- Configured cpplint exclude dirs and/or files: 
[1.198s] -- Added test 'flake8' to check Python code syntax and style conventions
[1.199s] -- Added test 'lint_cmake' to check CMake code style
[1.200s] -- Added test 'pep257' to check Python code against some of the docstring style conventions in PEP 257
[1.201s] -- Added test 'uncrustify' to check C / C++ code style
[1.201s] -- Configured uncrustify additional arguments: 
[1.202s] -- Added test 'xmllint' to check XML markup files
[1.203s] -- Configuring done
[1.212s] -- Generating done
[1.214s] -- Build files have been written to: /home/nathanielrobotics/turtlebot3_ws/build/dynamixel_sdk_examples
[1.224s] Invoked command in '/home/nathanielrobotics/turtlebot3_ws/build/dynamixel_sdk_examples' returned '0': AMENT_PREFIX_PATH=/home/nathanielrobotics/turtlebot3_ws/install/dynamixel_sdk_custom_interfaces:/home/nathanielrobotics/turtlebot3_ws/install/dynamixel_sdk:${AMENT_PREFIX_PATH} CMAKE_PREFIX_PATH=/home/nathanielrobotics/turtlebot3_ws/install/dynamixel_sdk_custom_interfaces:/home/nathanielrobotics/turtlebot3_ws/install/dynamixel_sdk:/home/nathanielrobotics/ros2_ws/install/ur_simulation_gazebo:/home/nathanielrobotics/ros2_ws/install/ur:/home/nathanielrobotics/ros2_ws/install/ur_calibration:/home/nathanielrobotics/ros2_ws/install/ur_robot_driver:/home/nathanielrobotics/ros2_ws/install/ur_moveit_config:/home/nathanielrobotics/ros2_ws/install/ur_bringup:/home/nathanielrobotics/ros2_ws/install/ur_description:/home/nathanielrobotics/ros2_ws/install/ur_controllers:/home/nathanielrobotics/ros2_ws/install/ur_dashboard_msgs:/home/nathanielrobotics/ros2_ws/install/ur3e_mrc:/home/nathanielrobotics/ros2_ws/install/forward_kinematics:/home/nathanielrobotics/ros2_ws/install/ur3e_enme480:/opt/ros/humble LD_LIBRARY_PATH=/home/nathanielrobotics/turtlebot3_ws/install/dynamixel_sdk_custom_interfaces/lib:/home/nathanielrobotics/turtlebot3_ws/install/dynamixel_sdk/lib:${LD_LIBRARY_PATH} PYTHONPATH=/home/nathanielrobotics/turtlebot3_ws/install/dynamixel_sdk_custom_interfaces/local/lib/python3.10/dist-packages:/home/nathanielrobotics/turtlebot3_ws/install/dynamixel_sdk/local/lib/python3.10/dist-packages:${PYTHONPATH} /usr/bin/cmake /home/nathanielrobotics/turtlebot3_ws/src/DynamixelSDK/ros/dynamixel_sdk_examples -DAMENT_CMAKE_SYMLINK_INSTALL=1 -DCMAKE_INSTALL_PREFIX=/home/nathanielrobotics/turtlebot3_ws/install/dynamixel_sdk_examples
[1.226s] Invoking command in '/home/nathanielrobotics/turtlebot3_ws/build/dynamixel_sdk_examples': AMENT_PREFIX_PATH=/home/nathanielrobotics/turtlebot3_ws/install/dynamixel_sdk_custom_interfaces:/home/nathanielrobotics/turtlebot3_ws/install/dynamixel_sdk:${AMENT_PREFIX_PATH} CMAKE_PREFIX_PATH=/home/nathanielrobotics/turtlebot3_ws/install/dynamixel_sdk_custom_interfaces:/home/nathanielrobotics/turtlebot3_ws/install/dynamixel_sdk:/home/nathanielrobotics/ros2_ws/install/ur_simulation_gazebo:/home/nathanielrobotics/ros2_ws/install/ur:/home/nathanielrobotics/ros2_ws/install/ur_calibration:/home/nathanielrobotics/ros2_ws/install/ur_robot_driver:/home/nathanielrobotics/ros2_ws/install/ur_moveit_config:/home/nathanielrobotics/ros2_ws/install/ur_bringup:/home/nathanielrobotics/ros2_ws/install/ur_description:/home/nathanielrobotics/ros2_ws/install/ur_controllers:/home/nathanielrobotics/ros2_ws/install/ur_dashboard_msgs:/home/nathanielrobotics/ros2_ws/install/ur3e_mrc:/home/nathanielrobotics/ros2_ws/install/forward_kinematics:/home/nathanielrobotics/ros2_ws/install/ur3e_enme480:/opt/ros/humble LD_LIBRARY_PATH=/home/nathanielrobotics/turtlebot3_ws/install/dynamixel_sdk_custom_interfaces/lib:/home/nathanielrobotics/turtlebot3_ws/install/dynamixel_sdk/lib:${LD_LIBRARY_PATH} PYTHONPATH=/home/nathanielrobotics/turtlebot3_ws/install/dynamixel_sdk_custom_interfaces/local/lib/python3.10/dist-packages:/home/nathanielrobotics/turtlebot3_ws/install/dynamixel_sdk/local/lib/python3.10/dist-packages:${PYTHONPATH} /usr/bin/cmake --build /home/nathanielrobotics/turtlebot3_ws/build/dynamixel_sdk_examples -- -j16 -l16
[1.269s] [ 50%] [32mBuilding CXX object CMakeFiles/read_write_node.dir/src/read_write_node.cpp.o[0m
[12.224s] [100%] [32m[1mLinking CXX executable read_write_node[0m
[12.613s] [100%] Built target read_write_node
[12.624s] Invoked command in '/home/nathanielrobotics/turtlebot3_ws/build/dynamixel_sdk_examples' returned '0': AMENT_PREFIX_PATH=/home/nathanielrobotics/turtlebot3_ws/install/dynamixel_sdk_custom_interfaces:/home/nathanielrobotics/turtlebot3_ws/install/dynamixel_sdk:${AMENT_PREFIX_PATH} CMAKE_PREFIX_PATH=/home/nathanielrobotics/turtlebot3_ws/install/dynamixel_sdk_custom_interfaces:/home/nathanielrobotics/turtlebot3_ws/install/dynamixel_sdk:/home/nathanielrobotics/ros2_ws/install/ur_simulation_gazebo:/home/nathanielrobotics/ros2_ws/install/ur:/home/nathanielrobotics/ros2_ws/install/ur_calibration:/home/nathanielrobotics/ros2_ws/install/ur_robot_driver:/home/nathanielrobotics/ros2_ws/install/ur_moveit_config:/home/nathanielrobotics/ros2_ws/install/ur_bringup:/home/nathanielrobotics/ros2_ws/install/ur_description:/home/nathanielrobotics/ros2_ws/install/ur_controllers:/home/nathanielrobotics/ros2_ws/install/ur_dashboard_msgs:/home/nathanielrobotics/ros2_ws/install/ur3e_mrc:/home/nathanielrobotics/ros2_ws/install/forward_kinematics:/home/nathanielrobotics/ros2_ws/install/ur3e_enme480:/opt/ros/humble LD_LIBRARY_PATH=/home/nathanielrobotics/turtlebot3_ws/install/dynamixel_sdk_custom_interfaces/lib:/home/nathanielrobotics/turtlebot3_ws/install/dynamixel_sdk/lib:${LD_LIBRARY_PATH} PYTHONPATH=/home/nathanielrobotics/turtlebot3_ws/install/dynamixel_sdk_custom_interfaces/local/lib/python3.10/dist-packages:/home/nathanielrobotics/turtlebot3_ws/install/dynamixel_sdk/local/lib/python3.10/dist-packages:${PYTHONPATH} /usr/bin/cmake --build /home/nathanielrobotics/turtlebot3_ws/build/dynamixel_sdk_examples -- -j16 -l16
[12.625s] Invoking command in '/home/nathanielrobotics/turtlebot3_ws/build/dynamixel_sdk_examples': AMENT_PREFIX_PATH=/home/nathanielrobotics/turtlebot3_ws/install/dynamixel_sdk_custom_interfaces:/home/nathanielrobotics/turtlebot3_ws/install/dynamixel_sdk:${AMENT_PREFIX_PATH} CMAKE_PREFIX_PATH=/home/nathanielrobotics/turtlebot3_ws/install/dynamixel_sdk_custom_interfaces:/home/nathanielrobotics/turtlebot3_ws/install/dynamixel_sdk:/home/nathanielrobotics/ros2_ws/install/ur_simulation_gazebo:/home/nathanielrobotics/ros2_ws/install/ur:/home/nathanielrobotics/ros2_ws/install/ur_calibration:/home/nathanielrobotics/ros2_ws/install/ur_robot_driver:/home/nathanielrobotics/ros2_ws/install/ur_moveit_config:/home/nathanielrobotics/ros2_ws/install/ur_bringup:/home/nathanielrobotics/ros2_ws/install/ur_description:/home/nathanielrobotics/ros2_ws/install/ur_controllers:/home/nathanielrobotics/ros2_ws/install/ur_dashboard_msgs:/home/nathanielrobotics/ros2_ws/install/ur3e_mrc:/home/nathanielrobotics/ros2_ws/install/forward_kinematics:/home/nathanielrobotics/ros2_ws/install/ur3e_enme480:/opt/ros/humble LD_LIBRARY_PATH=/home/nathanielrobotics/turtlebot3_ws/install/dynamixel_sdk_custom_interfaces/lib:/home/nathanielrobotics/turtlebot3_ws/install/dynamixel_sdk/lib:${LD_LIBRARY_PATH} PYTHONPATH=/home/nathanielrobotics/turtlebot3_ws/install/dynamixel_sdk_custom_interfaces/local/lib/python3.10/dist-packages:/home/nathanielrobotics/turtlebot3_ws/install/dynamixel_sdk/local/lib/python3.10/dist-packages:${PYTHONPATH} /usr/bin/cmake --install /home/nathanielrobotics/turtlebot3_ws/build/dynamixel_sdk_examples
[12.632s] -- Install configuration: ""
[12.632s] -- Execute custom install script
[12.633s] -- Symlinking: /home/nathanielrobotics/turtlebot3_ws/install/dynamixel_sdk_examples/lib/dynamixel_sdk_examples/read_write_node
[12.641s] -- Symlinking: /home/nathanielrobotics/turtlebot3_ws/install/dynamixel_sdk_examples/lib/dynamixel_sdk_examples/read_write_node.py
[12.649s] -- Symlinking: /home/nathanielrobotics/turtlebot3_ws/install/dynamixel_sdk_examples/share/ament_index/resource_index/package_run_dependencies/dynamixel_sdk_examples
[12.658s] -- Symlinking: /home/nathanielrobotics/turtlebot3_ws/install/dynamixel_sdk_examples/share/ament_index/resource_index/parent_prefix_path/dynamixel_sdk_examples
[12.666s] -- Symlinking: /home/nathanielrobotics/turtlebot3_ws/install/dynamixel_sdk_examples/share/dynamixel_sdk_examples/environment/ament_prefix_path.sh
[12.675s] -- Symlinking: /home/nathanielrobotics/turtlebot3_ws/install/dynamixel_sdk_examples/share/dynamixel_sdk_examples/environment/ament_prefix_path.dsv
[12.683s] -- Symlinking: /home/nathanielrobotics/turtlebot3_ws/install/dynamixel_sdk_examples/share/dynamixel_sdk_examples/environment/path.sh
[12.691s] -- Symlinking: /home/nathanielrobotics/turtlebot3_ws/install/dynamixel_sdk_examples/share/dynamixel_sdk_examples/environment/path.dsv
[12.699s] -- Symlinking: /home/nathanielrobotics/turtlebot3_ws/install/dynamixel_sdk_examples/share/dynamixel_sdk_examples/local_setup.bash
[12.707s] -- Symlinking: /home/nathanielrobotics/turtlebot3_ws/install/dynamixel_sdk_examples/share/dynamixel_sdk_examples/local_setup.sh
[12.715s] -- Symlinking: /home/nathanielrobotics/turtlebot3_ws/install/dynamixel_sdk_examples/share/dynamixel_sdk_examples/local_setup.zsh
[12.723s] -- Symlinking: /home/nathanielrobotics/turtlebot3_ws/install/dynamixel_sdk_examples/share/dynamixel_sdk_examples/local_setup.dsv
[12.731s] -- Symlinking: /home/nathanielrobotics/turtlebot3_ws/install/dynamixel_sdk_examples/share/dynamixel_sdk_examples/package.dsv
[12.739s] -- Symlinking: /home/nathanielrobotics/turtlebot3_ws/install/dynamixel_sdk_examples/share/ament_index/resource_index/packages/dynamixel_sdk_examples
[12.748s] -- Symlinking: /home/nathanielrobotics/turtlebot3_ws/install/dynamixel_sdk_examples/share/dynamixel_sdk_examples/cmake/dynamixel_sdk_examplesConfig.cmake
[12.757s] -- Symlinking: /home/nathanielrobotics/turtlebot3_ws/install/dynamixel_sdk_examples/share/dynamixel_sdk_examples/cmake/dynamixel_sdk_examplesConfig-version.cmake
[12.765s] -- Symlinking: /home/nathanielrobotics/turtlebot3_ws/install/dynamixel_sdk_examples/share/dynamixel_sdk_examples/package.xml
[12.775s] Invoked command in '/home/nathanielrobotics/turtlebot3_ws/build/dynamixel_sdk_examples' returned '0': AMENT_PREFIX_PATH=/home/nathanielrobotics/turtlebot3_ws/install/dynamixel_sdk_custom_interfaces:/home/nathanielrobotics/turtlebot3_ws/install/dynamixel_sdk:${AMENT_PREFIX_PATH} CMAKE_PREFIX_PATH=/home/nathanielrobotics/turtlebot3_ws/install/dynamixel_sdk_custom_interfaces:/home/nathanielrobotics/turtlebot3_ws/install/dynamixel_sdk:/home/nathanielrobotics/ros2_ws/install/ur_simulation_gazebo:/home/nathanielrobotics/ros2_ws/install/ur:/home/nathanielrobotics/ros2_ws/install/ur_calibration:/home/nathanielrobotics/ros2_ws/install/ur_robot_driver:/home/nathanielrobotics/ros2_ws/install/ur_moveit_config:/home/nathanielrobotics/ros2_ws/install/ur_bringup:/home/nathanielrobotics/ros2_ws/install/ur_description:/home/nathanielrobotics/ros2_ws/install/ur_controllers:/home/nathanielrobotics/ros2_ws/install/ur_dashboard_msgs:/home/nathanielrobotics/ros2_ws/install/ur3e_mrc:/home/nathanielrobotics/ros2_ws/install/forward_kinematics:/home/nathanielrobotics/ros2_ws/install/ur3e_enme480:/opt/ros/humble LD_LIBRARY_PATH=/home/nathanielrobotics/turtlebot3_ws/install/dynamixel_sdk_custom_interfaces/lib:/home/nathanielrobotics/turtlebot3_ws/install/dynamixel_sdk/lib:${LD_LIBRARY_PATH} PYTHONPATH=/home/nathanielrobotics/turtlebot3_ws/install/dynamixel_sdk_custom_interfaces/local/lib/python3.10/dist-packages:/home/nathanielrobotics/turtlebot3_ws/install/dynamixel_sdk/local/lib/python3.10/dist-packages:${PYTHONPATH} /usr/bin/cmake --install /home/nathanielrobotics/turtlebot3_ws/build/dynamixel_sdk_examples
