[0.028s] Invoking command in '/home/nathanielrobotics/turtlebot3_ws/build/turtlebot3_navigation2': CMAKE_PREFIX_PATH=${CMAKE_PREFIX_PATH}:/home/nathanielrobotics/ros2_ws/install/forward_kinematics:/home/nathanielrobotics/ros2_ws/install/ur3e_enme480:/opt/ros/humble /usr/bin/cmake /home/nathanielrobotics/turtlebot3_ws/src/turtlebot3/turtlebot3_navigation2 -DAMENT_CMAKE_SYMLINK_INSTALL=1 -DCMAKE_INSTALL_PREFIX=/home/nathanielrobotics/turtlebot3_ws/install/turtlebot3_navigation2
[0.222s] -- The C compiler identification is GNU 11.4.0
[0.357s] -- The CXX compiler identification is GNU 11.4.0
[0.372s] -- Detecting C compiler ABI info
[0.458s] -- Detecting C compiler ABI info - done
[0.466s] -- Check for working C compiler: /usr/bin/cc - skipped
[0.467s] -- Detecting C compile features
[0.468s] -- Detecting C compile features - done
[0.472s] -- Detecting CXX compiler ABI info
[0.568s] -- Detecting CXX compiler ABI info - done
[0.577s] -- Check for working CXX compiler: /usr/bin/c++ - skipped
[0.577s] -- Detecting CXX compile features
[0.578s] -- Detecting CXX compile features - done
[0.588s] -- Found ament_cmake: 1.3.11 (/opt/ros/humble/share/ament_cmake/cmake)
[0.786s] -- Found Python3: /usr/bin/python3 (found version "3.10.12") found components: Interpreter 
[0.874s] -- Override CMake install command with custom implementation using symlinks instead of copying resources
[1.021s] -- Configuring done
[1.025s] -- Generating done
[1.028s] -- Build files have been written to: /home/nathanielrobotics/turtlebot3_ws/build/turtlebot3_navigation2
[1.034s] Invoked command in '/home/nathanielrobotics/turtlebot3_ws/build/turtlebot3_navigation2' returned '0': CMAKE_PREFIX_PATH=${CMAKE_PREFIX_PATH}:/home/nathanielrobotics/ros2_ws/install/forward_kinematics:/home/nathanielrobotics/ros2_ws/install/ur3e_enme480:/opt/ros/humble /usr/bin/cmake /home/nathanielrobotics/turtlebot3_ws/src/turtlebot3/turtlebot3_navigation2 -DAMENT_CMAKE_SYMLINK_INSTALL=1 -DCMAKE_INSTALL_PREFIX=/home/nathanielrobotics/turtlebot3_ws/install/turtlebot3_navigation2
[1.036s] Invoking command in '/home/nathanielrobotics/turtlebot3_ws/build/turtlebot3_navigation2': CMAKE_PREFIX_PATH=${CMAKE_PREFIX_PATH}:/home/nathanielrobotics/ros2_ws/install/forward_kinematics:/home/nathanielrobotics/ros2_ws/install/ur3e_enme480:/opt/ros/humble /usr/bin/cmake --build /home/nathanielrobotics/turtlebot3_ws/build/turtlebot3_navigation2 -- -j16 -l16
[1.087s] Invoked command in '/home/nathanielrobotics/turtlebot3_ws/build/turtlebot3_navigation2' returned '0': CMAKE_PREFIX_PATH=${CMAKE_PREFIX_PATH}:/home/nathanielrobotics/ros2_ws/install/forward_kinematics:/home/nathanielrobotics/ros2_ws/install/ur3e_enme480:/opt/ros/humble /usr/bin/cmake --build /home/nathanielrobotics/turtlebot3_ws/build/turtlebot3_navigation2 -- -j16 -l16
[1.089s] Invoking command in '/home/nathanielrobotics/turtlebot3_ws/build/turtlebot3_navigation2': CMAKE_PREFIX_PATH=${CMAKE_PREFIX_PATH}:/home/nathanielrobotics/ros2_ws/install/forward_kinematics:/home/nathanielrobotics/ros2_ws/install/ur3e_enme480:/opt/ros/humble /usr/bin/cmake --install /home/nathanielrobotics/turtlebot3_ws/build/turtlebot3_navigation2
[1.097s] -- Install configuration: ""
[1.097s] -- Execute custom install script
[1.097s] -- Symlinking: /home/nathanielrobotics/turtlebot3_ws/install/turtlebot3_navigation2/share/turtlebot3_navigation2/launch/navigation2.launch.py
[1.108s] -- Symlinking: /home/nathanielrobotics/turtlebot3_ws/install/turtlebot3_navigation2/share/turtlebot3_navigation2/map/map.pgm
[1.118s] -- Symlinking: /home/nathanielrobotics/turtlebot3_ws/install/turtlebot3_navigation2/share/turtlebot3_navigation2/map/map.yaml
[1.127s] -- Symlinking: /home/nathanielrobotics/turtlebot3_ws/install/turtlebot3_navigation2/share/turtlebot3_navigation2/param/burger.yaml
[1.137s] -- Symlinking: /home/nathanielrobotics/turtlebot3_ws/install/turtlebot3_navigation2/share/turtlebot3_navigation2/param/burger_cam.yaml
[1.145s] -- Symlinking: /home/nathanielrobotics/turtlebot3_ws/install/turtlebot3_navigation2/share/turtlebot3_navigation2/param/humble/burger.yaml
[1.153s] -- Symlinking: /home/nathanielrobotics/turtlebot3_ws/install/turtlebot3_navigation2/share/turtlebot3_navigation2/param/humble/burger_cam.yaml
[1.162s] -- Symlinking: /home/nathanielrobotics/turtlebot3_ws/install/turtlebot3_navigation2/share/turtlebot3_navigation2/param/humble/waffle.yaml
[1.170s] -- Symlinking: /home/nathanielrobotics/turtlebot3_ws/install/turtlebot3_navigation2/share/turtlebot3_navigation2/param/humble/waffle_pi.yaml
[1.179s] -- Symlinking: /home/nathanielrobotics/turtlebot3_ws/install/turtlebot3_navigation2/share/turtlebot3_navigation2/param/waffle.yaml
[1.187s] -- Symlinking: /home/nathanielrobotics/turtlebot3_ws/install/turtlebot3_navigation2/share/turtlebot3_navigation2/param/waffle_pi.yaml
[1.205s] -- Symlinking: /home/nathanielrobotics/turtlebot3_ws/install/turtlebot3_navigation2/share/turtlebot3_navigation2/rviz/tb3_navigation2.rviz
[1.215s] -- Symlinking: /home/nathanielrobotics/turtlebot3_ws/install/turtlebot3_navigation2/share/ament_index/resource_index/package_run_dependencies/turtlebot3_navigation2
[1.229s] -- Symlinking: /home/nathanielrobotics/turtlebot3_ws/install/turtlebot3_navigation2/share/ament_index/resource_index/parent_prefix_path/turtlebot3_navigation2
[1.243s] -- Symlinking: /home/nathanielrobotics/turtlebot3_ws/install/turtlebot3_navigation2/share/turtlebot3_navigation2/environment/ament_prefix_path.sh
[1.255s] -- Symlinking: /home/nathanielrobotics/turtlebot3_ws/install/turtlebot3_navigation2/share/turtlebot3_navigation2/environment/ament_prefix_path.dsv
[1.268s] -- Symlinking: /home/nathanielrobotics/turtlebot3_ws/install/turtlebot3_navigation2/share/turtlebot3_navigation2/environment/path.sh
[1.288s] -- Symlinking: /home/nathanielrobotics/turtlebot3_ws/install/turtlebot3_navigation2/share/turtlebot3_navigation2/environment/path.dsv
[1.308s] -- Symlinking: /home/nathanielrobotics/turtlebot3_ws/install/turtlebot3_navigation2/share/turtlebot3_navigation2/local_setup.bash
[1.326s] -- Symlinking: /home/nathanielrobotics/turtlebot3_ws/install/turtlebot3_navigation2/share/turtlebot3_navigation2/local_setup.sh
[1.346s] -- Symlinking: /home/nathanielrobotics/turtlebot3_ws/install/turtlebot3_navigation2/share/turtlebot3_navigation2/local_setup.zsh
[1.361s] -- Symlinking: /home/nathanielrobotics/turtlebot3_ws/install/turtlebot3_navigation2/share/turtlebot3_navigation2/local_setup.dsv
[1.381s] -- Symlinking: /home/nathanielrobotics/turtlebot3_ws/install/turtlebot3_navigation2/share/turtlebot3_navigation2/package.dsv
[1.395s] -- Symlinking: /home/nathanielrobotics/turtlebot3_ws/install/turtlebot3_navigation2/share/ament_index/resource_index/packages/turtlebot3_navigation2
[1.411s] -- Symlinking: /home/nathanielrobotics/turtlebot3_ws/install/turtlebot3_navigation2/share/turtlebot3_navigation2/cmake/turtlebot3_navigation2Config.cmake
[1.427s] -- Symlinking: /home/nathanielrobotics/turtlebot3_ws/install/turtlebot3_navigation2/share/turtlebot3_navigation2/cmake/turtlebot3_navigation2Config-version.cmake
[1.443s] -- Symlinking: /home/nathanielrobotics/turtlebot3_ws/install/turtlebot3_navigation2/share/turtlebot3_navigation2/package.xml
[1.462s] Invoked command in '/home/nathanielrobotics/turtlebot3_ws/build/turtlebot3_navigation2' returned '0': CMAKE_PREFIX_PATH=${CMAKE_PREFIX_PATH}:/home/nathanielrobotics/ros2_ws/install/forward_kinematics:/home/nathanielrobotics/ros2_ws/install/ur3e_enme480:/opt/ros/humble /usr/bin/cmake --install /home/nathanielrobotics/turtlebot3_ws/build/turtlebot3_navigation2
