[0.031s] Invoking command in '/home/nathanielrobotics/turtlebot3_ws/build/turtlebot3_description': CMAKE_PREFIX_PATH=${CMAKE_PREFIX_PATH}:/home/nathanielrobotics/ros2_ws/install/forward_kinematics:/home/nathanielrobotics/ros2_ws/install/ur3e_enme480:/opt/ros/humble /usr/bin/cmake /home/nathanielrobotics/turtlebot3_ws/src/turtlebot3/turtlebot3_description -DAMENT_CMAKE_SYMLINK_INSTALL=1 -DCMAKE_INSTALL_PREFIX=/home/nathanielrobotics/turtlebot3_ws/install/turtlebot3_description
[0.232s] -- The C compiler identification is GNU 11.4.0
[0.367s] -- The CXX compiler identification is GNU 11.4.0
[0.382s] -- Detecting C compiler ABI info
[0.468s] -- Detecting C compiler ABI info - done
[0.476s] -- Check for working C compiler: /usr/bin/cc - skipped
[0.477s] -- Detecting C compile features
[0.478s] -- Detecting C compile features - done
[0.482s] -- Detecting CXX compiler ABI info
[0.578s] -- Detecting CXX compiler ABI info - done
[0.594s] -- Check for working CXX compiler: /usr/bin/c++ - skipped
[0.595s] -- Detecting CXX compile features
[0.596s] -- Detecting CXX compile features - done
[0.601s] -- Found ament_cmake: 1.3.11 (/opt/ros/humble/share/ament_cmake/cmake)
[0.804s] -- Found Python3: /usr/bin/python3 (found version "3.10.12") found components: Interpreter 
[0.884s] -- Override CMake install command with custom implementation using symlinks instead of copying resources
[0.956s] -- Found urdf: 2.6.1 (/opt/ros/humble/share/urdf/cmake)
[1.149s] -- Configuring done
[1.154s] -- Generating done
[1.154s] -- Build files have been written to: /home/nathanielrobotics/turtlebot3_ws/build/turtlebot3_description
[1.160s] Invoked command in '/home/nathanielrobotics/turtlebot3_ws/build/turtlebot3_description' returned '0': CMAKE_PREFIX_PATH=${CMAKE_PREFIX_PATH}:/home/nathanielrobotics/ros2_ws/install/forward_kinematics:/home/nathanielrobotics/ros2_ws/install/ur3e_enme480:/opt/ros/humble /usr/bin/cmake /home/nathanielrobotics/turtlebot3_ws/src/turtlebot3/turtlebot3_description -DAMENT_CMAKE_SYMLINK_INSTALL=1 -DCMAKE_INSTALL_PREFIX=/home/nathanielrobotics/turtlebot3_ws/install/turtlebot3_description
[1.162s] Invoking command in '/home/nathanielrobotics/turtlebot3_ws/build/turtlebot3_description': CMAKE_PREFIX_PATH=${CMAKE_PREFIX_PATH}:/home/nathanielrobotics/ros2_ws/install/forward_kinematics:/home/nathanielrobotics/ros2_ws/install/ur3e_enme480:/opt/ros/humble /usr/bin/cmake --build /home/nathanielrobotics/turtlebot3_ws/build/turtlebot3_description -- -j16 -l16
[1.212s] Invoked command in '/home/nathanielrobotics/turtlebot3_ws/build/turtlebot3_description' returned '0': CMAKE_PREFIX_PATH=${CMAKE_PREFIX_PATH}:/home/nathanielrobotics/ros2_ws/install/forward_kinematics:/home/nathanielrobotics/ros2_ws/install/ur3e_enme480:/opt/ros/humble /usr/bin/cmake --build /home/nathanielrobotics/turtlebot3_ws/build/turtlebot3_description -- -j16 -l16
[1.213s] Invoking command in '/home/nathanielrobotics/turtlebot3_ws/build/turtlebot3_description': CMAKE_PREFIX_PATH=${CMAKE_PREFIX_PATH}:/home/nathanielrobotics/ros2_ws/install/forward_kinematics:/home/nathanielrobotics/ros2_ws/install/ur3e_enme480:/opt/ros/humble /usr/bin/cmake --install /home/nathanielrobotics/turtlebot3_ws/build/turtlebot3_description
[1.217s] -- Install configuration: ""
[1.218s] -- Execute custom install script
[1.219s] -- Symlinking: /home/nathanielrobotics/turtlebot3_ws/install/turtlebot3_description/share/turtlebot3_description/meshes/bases/burger_base.stl
[1.234s] -- Symlinking: /home/nathanielrobotics/turtlebot3_ws/install/turtlebot3_description/share/turtlebot3_description/meshes/bases/waffle_base.stl
[1.245s] -- Symlinking: /home/nathanielrobotics/turtlebot3_ws/install/turtlebot3_description/share/turtlebot3_description/meshes/bases/waffle_pi_base.stl
[1.257s] -- Symlinking: /home/nathanielrobotics/turtlebot3_ws/install/turtlebot3_description/share/turtlebot3_description/meshes/sensors/astra.dae
[1.269s] -- Symlinking: /home/nathanielrobotics/turtlebot3_ws/install/turtlebot3_description/share/turtlebot3_description/meshes/sensors/astra.jpg
[1.286s] -- Symlinking: /home/nathanielrobotics/turtlebot3_ws/install/turtlebot3_description/share/turtlebot3_description/meshes/sensors/lds.stl
[1.305s] -- Symlinking: /home/nathanielrobotics/turtlebot3_ws/install/turtlebot3_description/share/turtlebot3_description/meshes/sensors/r200.dae
[1.317s] -- Symlinking: /home/nathanielrobotics/turtlebot3_ws/install/turtlebot3_description/share/turtlebot3_description/meshes/sensors/r200.jpg
[1.336s] -- Symlinking: /home/nathanielrobotics/turtlebot3_ws/install/turtlebot3_description/share/turtlebot3_description/meshes/wheels/left_tire.stl
[1.352s] -- Symlinking: /home/nathanielrobotics/turtlebot3_ws/install/turtlebot3_description/share/turtlebot3_description/meshes/wheels/right_tire.stl
[1.367s] -- Symlinking: /home/nathanielrobotics/turtlebot3_ws/install/turtlebot3_description/share/turtlebot3_description/rviz/model.rviz
[1.386s] -- Symlinking: /home/nathanielrobotics/turtlebot3_ws/install/turtlebot3_description/share/turtlebot3_description/urdf/common_properties.urdf
[1.404s] -- Symlinking: /home/nathanielrobotics/turtlebot3_ws/install/turtlebot3_description/share/turtlebot3_description/urdf/turtlebot3_burger.urdf
[1.420s] -- Symlinking: /home/nathanielrobotics/turtlebot3_ws/install/turtlebot3_description/share/turtlebot3_description/urdf/turtlebot3_waffle.urdf
[1.436s] -- Symlinking: /home/nathanielrobotics/turtlebot3_ws/install/turtlebot3_description/share/turtlebot3_description/urdf/turtlebot3_waffle_pi.urdf
[1.453s] -- Symlinking: /home/nathanielrobotics/turtlebot3_ws/install/turtlebot3_description/share/ament_index/resource_index/package_run_dependencies/turtlebot3_description
[1.469s] -- Symlinking: /home/nathanielrobotics/turtlebot3_ws/install/turtlebot3_description/share/ament_index/resource_index/parent_prefix_path/turtlebot3_description
[1.488s] -- Symlinking: /home/nathanielrobotics/turtlebot3_ws/install/turtlebot3_description/share/turtlebot3_description/environment/ament_prefix_path.sh
[1.506s] -- Symlinking: /home/nathanielrobotics/turtlebot3_ws/install/turtlebot3_description/share/turtlebot3_description/environment/ament_prefix_path.dsv
[1.523s] -- Symlinking: /home/nathanielrobotics/turtlebot3_ws/install/turtlebot3_description/share/turtlebot3_description/environment/path.sh
[1.539s] -- Symlinking: /home/nathanielrobotics/turtlebot3_ws/install/turtlebot3_description/share/turtlebot3_description/environment/path.dsv
[1.555s] -- Symlinking: /home/nathanielrobotics/turtlebot3_ws/install/turtlebot3_description/share/turtlebot3_description/local_setup.bash
[1.570s] -- Symlinking: /home/nathanielrobotics/turtlebot3_ws/install/turtlebot3_description/share/turtlebot3_description/local_setup.sh
[1.586s] -- Symlinking: /home/nathanielrobotics/turtlebot3_ws/install/turtlebot3_description/share/turtlebot3_description/local_setup.zsh
[1.602s] -- Symlinking: /home/nathanielrobotics/turtlebot3_ws/install/turtlebot3_description/share/turtlebot3_description/local_setup.dsv
[1.619s] -- Symlinking: /home/nathanielrobotics/turtlebot3_ws/install/turtlebot3_description/share/turtlebot3_description/package.dsv
[1.635s] -- Symlinking: /home/nathanielrobotics/turtlebot3_ws/install/turtlebot3_description/share/ament_index/resource_index/packages/turtlebot3_description
[1.646s] -- Symlinking: /home/nathanielrobotics/turtlebot3_ws/install/turtlebot3_description/share/turtlebot3_description/cmake/turtlebot3_descriptionConfig.cmake
[1.656s] -- Symlinking: /home/nathanielrobotics/turtlebot3_ws/install/turtlebot3_description/share/turtlebot3_description/cmake/turtlebot3_descriptionConfig-version.cmake
[1.666s] -- Symlinking: /home/nathanielrobotics/turtlebot3_ws/install/turtlebot3_description/share/turtlebot3_description/package.xml
[1.678s] Invoked command in '/home/nathanielrobotics/turtlebot3_ws/build/turtlebot3_description' returned '0': CMAKE_PREFIX_PATH=${CMAKE_PREFIX_PATH}:/home/nathanielrobotics/ros2_ws/install/forward_kinematics:/home/nathanielrobotics/ros2_ws/install/ur3e_enme480:/opt/ros/humble /usr/bin/cmake --install /home/nathanielrobotics/turtlebot3_ws/build/turtlebot3_description
