[0.042s] Invoking command in '/home/nathanielrobotics/turtlebot3_ws/build/dynamixel_sdk': CMAKE_PREFIX_PATH=${CMAKE_PREFIX_PATH}:/home/nathanielrobotics/ros2_ws/install/forward_kinematics:/home/nathanielrobotics/ros2_ws/install/ur3e_enme480:/opt/ros/humble /usr/bin/cmake /home/nathanielrobotics/turtlebot3_ws/src/DynamixelSDK/ros/dynamixel_sdk -DAMENT_CMAKE_SYMLINK_INSTALL=1 -DCMAKE_INSTALL_PREFIX=/home/nathanielrobotics/turtlebot3_ws/install/dynamixel_sdk
[0.249s] -- The C compiler identification is GNU 11.4.0
[0.384s] -- The CXX compiler identification is GNU 11.4.0
[0.397s] -- Detecting C compiler ABI info
[0.484s] -- Detecting C compiler ABI info - done
[0.499s] -- Check for working C compiler: /usr/bin/cc - skipped
[0.500s] -- Detecting C compile features
[0.500s] -- Detecting C compile features - done
[0.504s] -- Detecting CXX compiler ABI info
[0.599s] -- Detecting CXX compiler ABI info - done
[0.608s] -- Check for working CXX compiler: /usr/bin/c++ - skipped
[0.608s] -- Detecting CXX compile features
[0.609s] -- Detecting CXX compile features - done
[0.614s] -- Found ament_cmake: 1.3.11 (/opt/ros/humble/share/ament_cmake/cmake)
[0.812s] -- Found Python3: /usr/bin/python3 (found version "3.10.12") found components: Interpreter 
[0.905s] -- Override CMake install command with custom implementation using symlinks instead of copying resources
[1.152s] -- Configuring done
[1.160s] -- Generating done
[1.162s] -- Build files have been written to: /home/nathanielrobotics/turtlebot3_ws/build/dynamixel_sdk
[1.168s] Invoked command in '/home/nathanielrobotics/turtlebot3_ws/build/dynamixel_sdk' returned '0': CMAKE_PREFIX_PATH=${CMAKE_PREFIX_PATH}:/home/nathanielrobotics/ros2_ws/install/forward_kinematics:/home/nathanielrobotics/ros2_ws/install/ur3e_enme480:/opt/ros/humble /usr/bin/cmake /home/nathanielrobotics/turtlebot3_ws/src/DynamixelSDK/ros/dynamixel_sdk -DAMENT_CMAKE_SYMLINK_INSTALL=1 -DCMAKE_INSTALL_PREFIX=/home/nathanielrobotics/turtlebot3_ws/install/dynamixel_sdk
[1.170s] Invoking command in '/home/nathanielrobotics/turtlebot3_ws/build/dynamixel_sdk': CMAKE_PREFIX_PATH=${CMAKE_PREFIX_PATH}:/home/nathanielrobotics/ros2_ws/install/forward_kinematics:/home/nathanielrobotics/ros2_ws/install/ur3e_enme480:/opt/ros/humble /usr/bin/cmake --build /home/nathanielrobotics/turtlebot3_ws/build/dynamixel_sdk -- -j16 -l16
[1.229s] [ 15%] [32mBuilding CXX object CMakeFiles/dynamixel_sdk.dir/src/dynamixel_sdk/protocol2_packet_handler.cpp.o[0m
[1.229s] [ 15%] [32mBuilding CXX object CMakeFiles/dynamixel_sdk.dir/src/dynamixel_sdk/protocol1_packet_handler.cpp.o[0m
[1.229s] [ 23%] [32mBuilding CXX object CMakeFiles/dynamixel_sdk.dir/src/dynamixel_sdk/packet_handler.cpp.o[0m
[1.229s] [ 30%] [32mBuilding CXX object CMakeFiles/dynamixel_sdk.dir/src/dynamixel_sdk/group_fast_bulk_read.cpp.o[0m
[1.229s] [ 46%] [32mBuilding CXX object CMakeFiles/dynamixel_sdk.dir/src/dynamixel_sdk/group_sync_read.cpp.o[0m
[1.229s] [ 46%] [32mBuilding CXX object CMakeFiles/dynamixel_sdk.dir/src/dynamixel_sdk/group_sync_write.cpp.o[0m
[1.229s] [ 53%] [32mBuilding CXX object CMakeFiles/dynamixel_sdk.dir/src/dynamixel_sdk/group_bulk_read.cpp.o[0m
[1.230s] [ 61%] [32mBuilding CXX object CMakeFiles/dynamixel_sdk.dir/src/dynamixel_sdk/group_bulk_write.cpp.o[0m
[1.231s] [ 69%] [32mBuilding CXX object CMakeFiles/dynamixel_sdk.dir/src/dynamixel_sdk/port_handler.cpp.o[0m
[1.231s] [ 76%] [32mBuilding CXX object CMakeFiles/dynamixel_sdk.dir/src/dynamixel_sdk/group_handler.cpp.o[0m
[1.231s] [ 84%] [32mBuilding CXX object CMakeFiles/dynamixel_sdk.dir/src/dynamixel_sdk/group_fast_sync_read.cpp.o[0m
[1.234s] [ 92%] [32mBuilding CXX object CMakeFiles/dynamixel_sdk.dir/src/dynamixel_sdk/port_handler_linux.cpp.o[0m
[1.244s] [ 92%] Built target ament_cmake_python_symlink_dynamixel_sdk
[1.636s] running egg_info
[1.637s] creating dynamixel_sdk.egg-info
[1.637s] writing dynamixel_sdk.egg-info/PKG-INFO
[1.637s] writing dependency_links to dynamixel_sdk.egg-info/dependency_links.txt
[1.638s] writing top-level names to dynamixel_sdk.egg-info/top_level.txt
[1.638s] writing manifest file 'dynamixel_sdk.egg-info/SOURCES.txt'
[1.640s] reading manifest file 'dynamixel_sdk.egg-info/SOURCES.txt'
[1.641s] writing manifest file 'dynamixel_sdk.egg-info/SOURCES.txt'
[1.679s] [ 92%] Built target ament_cmake_python_build_dynamixel_sdk_egg
[1.974s] [100%] [32m[1mLinking CXX shared library libdynamixel_sdk.so[0m
[2.058s] [100%] Built target dynamixel_sdk
[2.069s] Invoked command in '/home/nathanielrobotics/turtlebot3_ws/build/dynamixel_sdk' returned '0': CMAKE_PREFIX_PATH=${CMAKE_PREFIX_PATH}:/home/nathanielrobotics/ros2_ws/install/forward_kinematics:/home/nathanielrobotics/ros2_ws/install/ur3e_enme480:/opt/ros/humble /usr/bin/cmake --build /home/nathanielrobotics/turtlebot3_ws/build/dynamixel_sdk -- -j16 -l16
[2.071s] Invoking command in '/home/nathanielrobotics/turtlebot3_ws/build/dynamixel_sdk': CMAKE_PREFIX_PATH=${CMAKE_PREFIX_PATH}:/home/nathanielrobotics/ros2_ws/install/forward_kinematics:/home/nathanielrobotics/ros2_ws/install/ur3e_enme480:/opt/ros/humble /usr/bin/cmake --install /home/nathanielrobotics/turtlebot3_ws/build/dynamixel_sdk
[2.078s] -- Install configuration: ""
[2.078s] -- Execute custom install script
[2.079s] -- Symlinking: /home/nathanielrobotics/turtlebot3_ws/install/dynamixel_sdk/include//dynamixel_sdk/dynamixel_sdk.h
[2.087s] -- Symlinking: /home/nathanielrobotics/turtlebot3_ws/install/dynamixel_sdk/include//dynamixel_sdk/group_bulk_read.h
[2.094s] -- Symlinking: /home/nathanielrobotics/turtlebot3_ws/install/dynamixel_sdk/include//dynamixel_sdk/group_bulk_write.h
[2.102s] -- Symlinking: /home/nathanielrobotics/turtlebot3_ws/install/dynamixel_sdk/include//dynamixel_sdk/group_fast_bulk_read.h
[2.109s] -- Symlinking: /home/nathanielrobotics/turtlebot3_ws/install/dynamixel_sdk/include//dynamixel_sdk/group_fast_sync_read.h
[2.117s] -- Symlinking: /home/nathanielrobotics/turtlebot3_ws/install/dynamixel_sdk/include//dynamixel_sdk/group_handler.h
[2.124s] -- Symlinking: /home/nathanielrobotics/turtlebot3_ws/install/dynamixel_sdk/include//dynamixel_sdk/group_sync_read.h
[2.132s] -- Symlinking: /home/nathanielrobotics/turtlebot3_ws/install/dynamixel_sdk/include//dynamixel_sdk/group_sync_write.h
[2.141s] -- Symlinking: /home/nathanielrobotics/turtlebot3_ws/install/dynamixel_sdk/include//dynamixel_sdk/packet_handler.h
[2.148s] -- Symlinking: /home/nathanielrobotics/turtlebot3_ws/install/dynamixel_sdk/include//dynamixel_sdk/port_handler.h
[2.157s] -- Symlinking: /home/nathanielrobotics/turtlebot3_ws/install/dynamixel_sdk/include//dynamixel_sdk/port_handler_arduino.h
[2.164s] -- Symlinking: /home/nathanielrobotics/turtlebot3_ws/install/dynamixel_sdk/include//dynamixel_sdk/port_handler_linux.h
[2.171s] -- Symlinking: /home/nathanielrobotics/turtlebot3_ws/install/dynamixel_sdk/include//dynamixel_sdk/port_handler_mac.h
[2.179s] -- Symlinking: /home/nathanielrobotics/turtlebot3_ws/install/dynamixel_sdk/include//dynamixel_sdk/port_handler_windows.h
[2.187s] -- Symlinking: /home/nathanielrobotics/turtlebot3_ws/install/dynamixel_sdk/include//dynamixel_sdk/protocol1_packet_handler.h
[2.194s] -- Symlinking: /home/nathanielrobotics/turtlebot3_ws/install/dynamixel_sdk/include//dynamixel_sdk/protocol2_packet_handler.h
[2.202s] -- Symlinking: /home/nathanielrobotics/turtlebot3_ws/install/dynamixel_sdk/lib/libdynamixel_sdk.so
[2.210s] -- Symlinking: /home/nathanielrobotics/turtlebot3_ws/install/dynamixel_sdk/share/dynamixel_sdk/environment/pythonpath.sh
[2.218s] -- Symlinking: /home/nathanielrobotics/turtlebot3_ws/install/dynamixel_sdk/share/dynamixel_sdk/environment/pythonpath.dsv
[2.227s] -- Symlinking: /home/nathanielrobotics/turtlebot3_ws/install/dynamixel_sdk/local/lib/python3.10/dist-packages/dynamixel_sdk-3.8.3-py3.10.egg-info/PKG-INFO
[2.236s] -- Symlinking: /home/nathanielrobotics/turtlebot3_ws/install/dynamixel_sdk/local/lib/python3.10/dist-packages/dynamixel_sdk-3.8.3-py3.10.egg-info/SOURCES.txt
[2.243s] -- Symlinking: /home/nathanielrobotics/turtlebot3_ws/install/dynamixel_sdk/local/lib/python3.10/dist-packages/dynamixel_sdk-3.8.3-py3.10.egg-info/dependency_links.txt
[2.251s] -- Symlinking: /home/nathanielrobotics/turtlebot3_ws/install/dynamixel_sdk/local/lib/python3.10/dist-packages/dynamixel_sdk-3.8.3-py3.10.egg-info/top_level.txt
[2.260s] -- Symlinking: /home/nathanielrobotics/turtlebot3_ws/install/dynamixel_sdk/local/lib/python3.10/dist-packages/dynamixel_sdk/__init__.py
[2.268s] -- Symlinking: /home/nathanielrobotics/turtlebot3_ws/install/dynamixel_sdk/local/lib/python3.10/dist-packages/dynamixel_sdk/group_bulk_read.cpp
[2.274s] -- Symlinking: /home/nathanielrobotics/turtlebot3_ws/install/dynamixel_sdk/local/lib/python3.10/dist-packages/dynamixel_sdk/group_bulk_read.py
[2.282s] -- Symlinking: /home/nathanielrobotics/turtlebot3_ws/install/dynamixel_sdk/local/lib/python3.10/dist-packages/dynamixel_sdk/group_bulk_write.cpp
[2.289s] -- Symlinking: /home/nathanielrobotics/turtlebot3_ws/install/dynamixel_sdk/local/lib/python3.10/dist-packages/dynamixel_sdk/group_bulk_write.py
[2.297s] -- Symlinking: /home/nathanielrobotics/turtlebot3_ws/install/dynamixel_sdk/local/lib/python3.10/dist-packages/dynamixel_sdk/group_fast_bulk_read.cpp
[2.304s] -- Symlinking: /home/nathanielrobotics/turtlebot3_ws/install/dynamixel_sdk/local/lib/python3.10/dist-packages/dynamixel_sdk/group_fast_sync_read.cpp
[2.311s] -- Symlinking: /home/nathanielrobotics/turtlebot3_ws/install/dynamixel_sdk/local/lib/python3.10/dist-packages/dynamixel_sdk/group_handler.cpp
[2.320s] -- Symlinking: /home/nathanielrobotics/turtlebot3_ws/install/dynamixel_sdk/local/lib/python3.10/dist-packages/dynamixel_sdk/group_sync_read.cpp
[2.328s] -- Symlinking: /home/nathanielrobotics/turtlebot3_ws/install/dynamixel_sdk/local/lib/python3.10/dist-packages/dynamixel_sdk/group_sync_read.py
[2.336s] -- Symlinking: /home/nathanielrobotics/turtlebot3_ws/install/dynamixel_sdk/local/lib/python3.10/dist-packages/dynamixel_sdk/group_sync_write.cpp
[2.344s] -- Symlinking: /home/nathanielrobotics/turtlebot3_ws/install/dynamixel_sdk/local/lib/python3.10/dist-packages/dynamixel_sdk/group_sync_write.py
[2.352s] -- Symlinking: /home/nathanielrobotics/turtlebot3_ws/install/dynamixel_sdk/local/lib/python3.10/dist-packages/dynamixel_sdk/packet_handler.cpp
[2.360s] -- Symlinking: /home/nathanielrobotics/turtlebot3_ws/install/dynamixel_sdk/local/lib/python3.10/dist-packages/dynamixel_sdk/packet_handler.py
[2.367s] -- Symlinking: /home/nathanielrobotics/turtlebot3_ws/install/dynamixel_sdk/local/lib/python3.10/dist-packages/dynamixel_sdk/port_handler.cpp
[2.374s] -- Symlinking: /home/nathanielrobotics/turtlebot3_ws/install/dynamixel_sdk/local/lib/python3.10/dist-packages/dynamixel_sdk/port_handler.py
[2.382s] -- Symlinking: /home/nathanielrobotics/turtlebot3_ws/install/dynamixel_sdk/local/lib/python3.10/dist-packages/dynamixel_sdk/port_handler_arduino.cpp
[2.390s] -- Symlinking: /home/nathanielrobotics/turtlebot3_ws/install/dynamixel_sdk/local/lib/python3.10/dist-packages/dynamixel_sdk/port_handler_linux.cpp
[2.398s] -- Symlinking: /home/nathanielrobotics/turtlebot3_ws/install/dynamixel_sdk/local/lib/python3.10/dist-packages/dynamixel_sdk/port_handler_mac.cpp
[2.406s] -- Symlinking: /home/nathanielrobotics/turtlebot3_ws/install/dynamixel_sdk/local/lib/python3.10/dist-packages/dynamixel_sdk/port_handler_windows.cpp
[2.415s] -- Symlinking: /home/nathanielrobotics/turtlebot3_ws/install/dynamixel_sdk/local/lib/python3.10/dist-packages/dynamixel_sdk/protocol1_packet_handler.cpp
[2.424s] -- Symlinking: /home/nathanielrobotics/turtlebot3_ws/install/dynamixel_sdk/local/lib/python3.10/dist-packages/dynamixel_sdk/protocol1_packet_handler.py
[2.433s] -- Symlinking: /home/nathanielrobotics/turtlebot3_ws/install/dynamixel_sdk/local/lib/python3.10/dist-packages/dynamixel_sdk/protocol2_packet_handler.cpp
[2.443s] -- Symlinking: /home/nathanielrobotics/turtlebot3_ws/install/dynamixel_sdk/local/lib/python3.10/dist-packages/dynamixel_sdk/protocol2_packet_handler.py
[2.452s] -- Symlinking: /home/nathanielrobotics/turtlebot3_ws/install/dynamixel_sdk/local/lib/python3.10/dist-packages/dynamixel_sdk/robotis_def.py
[2.461s] -- Symlinking: /home/nathanielrobotics/turtlebot3_ws/install/dynamixel_sdk/share/dynamixel_sdk/environment/library_path.sh
[2.470s] -- Symlinking: /home/nathanielrobotics/turtlebot3_ws/install/dynamixel_sdk/share/dynamixel_sdk/environment/library_path.dsv
[2.479s] -- Symlinking: /home/nathanielrobotics/turtlebot3_ws/install/dynamixel_sdk/share/ament_index/resource_index/package_run_dependencies/dynamixel_sdk
[2.488s] -- Symlinking: /home/nathanielrobotics/turtlebot3_ws/install/dynamixel_sdk/share/ament_index/resource_index/parent_prefix_path/dynamixel_sdk
[2.497s] -- Symlinking: /home/nathanielrobotics/turtlebot3_ws/install/dynamixel_sdk/share/dynamixel_sdk/environment/ament_prefix_path.sh
[2.506s] -- Symlinking: /home/nathanielrobotics/turtlebot3_ws/install/dynamixel_sdk/share/dynamixel_sdk/environment/ament_prefix_path.dsv
[2.516s] -- Symlinking: /home/nathanielrobotics/turtlebot3_ws/install/dynamixel_sdk/share/dynamixel_sdk/environment/path.sh
[2.524s] -- Symlinking: /home/nathanielrobotics/turtlebot3_ws/install/dynamixel_sdk/share/dynamixel_sdk/environment/path.dsv
[2.533s] -- Symlinking: /home/nathanielrobotics/turtlebot3_ws/install/dynamixel_sdk/share/dynamixel_sdk/local_setup.bash
[2.543s] -- Symlinking: /home/nathanielrobotics/turtlebot3_ws/install/dynamixel_sdk/share/dynamixel_sdk/local_setup.sh
[2.551s] -- Symlinking: /home/nathanielrobotics/turtlebot3_ws/install/dynamixel_sdk/share/dynamixel_sdk/local_setup.zsh
[2.560s] -- Symlinking: /home/nathanielrobotics/turtlebot3_ws/install/dynamixel_sdk/share/dynamixel_sdk/local_setup.dsv
[2.568s] -- Symlinking: /home/nathanielrobotics/turtlebot3_ws/install/dynamixel_sdk/share/dynamixel_sdk/package.dsv
[2.576s] -- Symlinking: /home/nathanielrobotics/turtlebot3_ws/install/dynamixel_sdk/share/ament_index/resource_index/packages/dynamixel_sdk
[2.585s] -- Symlinking: /home/nathanielrobotics/turtlebot3_ws/install/dynamixel_sdk/share/dynamixel_sdk/cmake/ament_cmake_export_include_directories-extras.cmake
[2.593s] -- Symlinking: /home/nathanielrobotics/turtlebot3_ws/install/dynamixel_sdk/share/dynamixel_sdk/cmake/ament_cmake_export_libraries-extras.cmake
[2.603s] -- Symlinking: /home/nathanielrobotics/turtlebot3_ws/install/dynamixel_sdk/share/dynamixel_sdk/cmake/dynamixel_sdkConfig.cmake
[2.611s] -- Symlinking: /home/nathanielrobotics/turtlebot3_ws/install/dynamixel_sdk/share/dynamixel_sdk/cmake/dynamixel_sdkConfig-version.cmake
[2.619s] -- Symlinking: /home/nathanielrobotics/turtlebot3_ws/install/dynamixel_sdk/share/dynamixel_sdk/package.xml
[2.679s] Listing '/home/nathanielrobotics/turtlebot3_ws/install/dynamixel_sdk/local/lib/python3.10/dist-packages/dynamixel_sdk'...
[2.680s] Compiling '/home/nathanielrobotics/turtlebot3_ws/install/dynamixel_sdk/local/lib/python3.10/dist-packages/dynamixel_sdk/__init__.py'...
[2.680s] Compiling '/home/nathanielrobotics/turtlebot3_ws/install/dynamixel_sdk/local/lib/python3.10/dist-packages/dynamixel_sdk/group_bulk_read.py'...
[2.680s] Compiling '/home/nathanielrobotics/turtlebot3_ws/install/dynamixel_sdk/local/lib/python3.10/dist-packages/dynamixel_sdk/group_bulk_write.py'...
[2.680s] Compiling '/home/nathanielrobotics/turtlebot3_ws/install/dynamixel_sdk/local/lib/python3.10/dist-packages/dynamixel_sdk/group_sync_read.py'...
[2.680s] Compiling '/home/nathanielrobotics/turtlebot3_ws/install/dynamixel_sdk/local/lib/python3.10/dist-packages/dynamixel_sdk/group_sync_write.py'...
[2.680s] Compiling '/home/nathanielrobotics/turtlebot3_ws/install/dynamixel_sdk/local/lib/python3.10/dist-packages/dynamixel_sdk/packet_handler.py'...
[2.680s] Compiling '/home/nathanielrobotics/turtlebot3_ws/install/dynamixel_sdk/local/lib/python3.10/dist-packages/dynamixel_sdk/port_handler.py'...
[2.680s] Compiling '/home/nathanielrobotics/turtlebot3_ws/install/dynamixel_sdk/local/lib/python3.10/dist-packages/dynamixel_sdk/protocol1_packet_handler.py'...
[2.680s] Compiling '/home/nathanielrobotics/turtlebot3_ws/install/dynamixel_sdk/local/lib/python3.10/dist-packages/dynamixel_sdk/protocol2_packet_handler.py'...
[2.680s] Compiling '/home/nathanielrobotics/turtlebot3_ws/install/dynamixel_sdk/local/lib/python3.10/dist-packages/dynamixel_sdk/robotis_def.py'...
[2.688s] Invoked command in '/home/nathanielrobotics/turtlebot3_ws/build/dynamixel_sdk' returned '0': CMAKE_PREFIX_PATH=${CMAKE_PREFIX_PATH}:/home/nathanielrobotics/ros2_ws/install/forward_kinematics:/home/nathanielrobotics/ros2_ws/install/ur3e_enme480:/opt/ros/humble /usr/bin/cmake --install /home/nathanielrobotics/turtlebot3_ws/build/dynamixel_sdk
