[0.613s] Invoking command in '/home/nathanielrobotics/turtlebot3_ws/build/turtlebot3_example': AMENT_PREFIX_PATH=/home/nathanielrobotics/turtlebot3_ws/install/turtlebot3_msgs:${AMENT_PREFIX_PATH} CMAKE_PREFIX_PATH=/home/nathanielrobotics/turtlebot3_ws/install/turtlebot3_msgs:${CMAKE_PREFIX_PATH} LD_LIBRARY_PATH=/home/nathanielrobotics/turtlebot3_ws/install/turtlebot3_msgs/lib:${LD_LIBRARY_PATH} PYTHONPATH=/home/nathanielrobotics/turtlebot3_ws/build/turtlebot3_example/prefix_override:/usr/lib/python3/dist-packages/colcon_core/task/python/colcon_distutils_commands:/home/nathanielrobotics/turtlebot3_ws/install/turtlebot3_example/lib/python3.10/site-packages:/home/nathanielrobotics/turtlebot3_ws/install/turtlebot3_msgs/local/lib/python3.10/dist-packages:${PYTHONPATH} /usr/bin/python3 -W ignore:setup.py install is deprecated -W ignore:easy_install command is deprecated setup.py develop --editable --build-directory /home/nathanielrobotics/turtlebot3_ws/build/turtlebot3_example/build --no-deps symlink_data
[0.862s] running develop
[1.023s] running egg_info
[1.023s] creating turtlebot3_example.egg-info
[1.023s] writing turtlebot3_example.egg-info/PKG-INFO
[1.023s] writing dependency_links to turtlebot3_example.egg-info/dependency_links.txt
[1.023s] writing entry points to turtlebot3_example.egg-info/entry_points.txt
[1.023s] writing requirements to turtlebot3_example.egg-info/requires.txt
[1.024s] writing top-level names to turtlebot3_example.egg-info/top_level.txt
[1.024s] writing manifest file 'turtlebot3_example.egg-info/SOURCES.txt'
[1.026s] reading manifest file 'turtlebot3_example.egg-info/SOURCES.txt'
[1.027s] writing manifest file 'turtlebot3_example.egg-info/SOURCES.txt'
[1.028s] running build_ext
[1.028s] Creating /home/nathanielrobotics/turtlebot3_ws/install/turtlebot3_example/lib/python3.10/site-packages/turtlebot3-example.egg-link (link to .)
[1.029s] Installing turtlebot3_interactive_marker script to /home/nathanielrobotics/turtlebot3_ws/install/turtlebot3_example/lib/turtlebot3_example
[1.029s] Installing turtlebot3_obstacle_detection script to /home/nathanielrobotics/turtlebot3_ws/install/turtlebot3_example/lib/turtlebot3_example
[1.029s] Installing turtlebot3_patrol_client script to /home/nathanielrobotics/turtlebot3_ws/install/turtlebot3_example/lib/turtlebot3_example
[1.030s] Installing turtlebot3_patrol_server script to /home/nathanielrobotics/turtlebot3_ws/install/turtlebot3_example/lib/turtlebot3_example
[1.030s] Installing turtlebot3_position_control_pointop_key script to /home/nathanielrobotics/turtlebot3_ws/install/turtlebot3_example/lib/turtlebot3_example
[1.030s] 
[1.030s] Installed /home/nathanielrobotics/turtlebot3_ws/build/turtlebot3_example
[1.030s] running symlink_data
[1.030s] creating /home/nathanielrobotics/turtlebot3_ws/install/turtlebot3_example/share/ament_index
[1.030s] creating /home/nathanielrobotics/turtlebot3_ws/install/turtlebot3_example/share/ament_index/resource_index
[1.030s] creating /home/nathanielrobotics/turtlebot3_ws/install/turtlebot3_example/share/ament_index/resource_index/packages
[1.030s] symbolically linking /home/nathanielrobotics/turtlebot3_ws/build/turtlebot3_example/resource/turtlebot3_example -> /home/nathanielrobotics/turtlebot3_ws/install/turtlebot3_example/share/ament_index/resource_index/packages
[1.031s] symbolically linking /home/nathanielrobotics/turtlebot3_ws/build/turtlebot3_example/package.xml -> /home/nathanielrobotics/turtlebot3_ws/install/turtlebot3_example/share/turtlebot3_example
[1.058s] Invoked command in '/home/nathanielrobotics/turtlebot3_ws/build/turtlebot3_example' returned '0': AMENT_PREFIX_PATH=/home/nathanielrobotics/turtlebot3_ws/install/turtlebot3_msgs:${AMENT_PREFIX_PATH} CMAKE_PREFIX_PATH=/home/nathanielrobotics/turtlebot3_ws/install/turtlebot3_msgs:${CMAKE_PREFIX_PATH} LD_LIBRARY_PATH=/home/nathanielrobotics/turtlebot3_ws/install/turtlebot3_msgs/lib:${LD_LIBRARY_PATH} PYTHONPATH=/home/nathanielrobotics/turtlebot3_ws/build/turtlebot3_example/prefix_override:/usr/lib/python3/dist-packages/colcon_core/task/python/colcon_distutils_commands:/home/nathanielrobotics/turtlebot3_ws/install/turtlebot3_example/lib/python3.10/site-packages:/home/nathanielrobotics/turtlebot3_ws/install/turtlebot3_msgs/local/lib/python3.10/dist-packages:${PYTHONPATH} /usr/bin/python3 -W ignore:setup.py install is deprecated -W ignore:easy_install command is deprecated setup.py develop --editable --build-directory /home/nathanielrobotics/turtlebot3_ws/build/turtlebot3_example/build --no-deps symlink_data
