[0.048s] Invoking command in '/home/nathanielrobotics/turtlebot3_ws/build/dynamixel_sdk': CMAKE_PREFIX_PATH=${CMAKE_PREFIX_PATH}:/home/nathanielrobotics/turtlebot3_ws/install/turtlebot3_teleop:/home/nathanielrobotics/turtlebot3_ws/install/turtlebot3_example:/home/nathanielrobotics/ros2_ws/install/forward_kinematics:/home/nathanielrobotics/ros2_ws/install/ur3e_enme480:/opt/ros/humble /usr/bin/cmake --build /home/nathanielrobotics/turtlebot3_ws/build/dynamixel_sdk -- -j16 -l16
[0.380s] [100%] Built target dynamixel_sdk
[0.380s] [100%] Built target ament_cmake_python_symlink_dynamixel_sdk
[0.401s] running egg_info
[0.402s] writing dynamixel_sdk.egg-info/PKG-INFO
[0.402s] writing dependency_links to dynamixel_sdk.egg-info/dependency_links.txt
[0.402s] writing top-level names to dynamixel_sdk.egg-info/top_level.txt
[0.404s] reading manifest file 'dynamixel_sdk.egg-info/SOURCES.txt'
[0.405s] writing manifest file 'dynamixel_sdk.egg-info/SOURCES.txt'
[0.435s] [100%] Built target ament_cmake_python_build_dynamixel_sdk_egg
[0.621s] Invoked command in '/home/nathanielrobotics/turtlebot3_ws/build/dynamixel_sdk' returned '0': CMAKE_PREFIX_PATH=${CMAKE_PREFIX_PATH}:/home/nathanielrobotics/turtlebot3_ws/install/turtlebot3_teleop:/home/nathanielrobotics/turtlebot3_ws/install/turtlebot3_example:/home/nathanielrobotics/ros2_ws/install/forward_kinematics:/home/nathanielrobotics/ros2_ws/install/ur3e_enme480:/opt/ros/humble /usr/bin/cmake --build /home/nathanielrobotics/turtlebot3_ws/build/dynamixel_sdk -- -j16 -l16
[0.627s] Invoking command in '/home/nathanielrobotics/turtlebot3_ws/build/dynamixel_sdk': CMAKE_PREFIX_PATH=${CMAKE_PREFIX_PATH}:/home/nathanielrobotics/turtlebot3_ws/install/turtlebot3_teleop:/home/nathanielrobotics/turtlebot3_ws/install/turtlebot3_example:/home/nathanielrobotics/ros2_ws/install/forward_kinematics:/home/nathanielrobotics/ros2_ws/install/ur3e_enme480:/opt/ros/humble /usr/bin/cmake --install /home/nathanielrobotics/turtlebot3_ws/build/dynamixel_sdk
[0.645s] -- Install configuration: ""
[0.647s] -- Execute custom install script
[0.648s] -- Up-to-date symlink: /home/nathanielrobotics/turtlebot3_ws/install/dynamixel_sdk/include//dynamixel_sdk/dynamixel_sdk.h
[0.649s] -- Up-to-date symlink: /home/nathanielrobotics/turtlebot3_ws/install/dynamixel_sdk/include//dynamixel_sdk/group_bulk_read.h
[0.650s] -- Up-to-date symlink: /home/nathanielrobotics/turtlebot3_ws/install/dynamixel_sdk/include//dynamixel_sdk/group_bulk_write.h
[0.650s] -- Up-to-date symlink: /home/nathanielrobotics/turtlebot3_ws/install/dynamixel_sdk/include//dynamixel_sdk/group_fast_bulk_read.h
[0.650s] -- Up-to-date symlink: /home/nathanielrobotics/turtlebot3_ws/install/dynamixel_sdk/include//dynamixel_sdk/group_fast_sync_read.h
[0.650s] -- Up-to-date symlink: /home/nathanielrobotics/turtlebot3_ws/install/dynamixel_sdk/include//dynamixel_sdk/group_handler.h
[0.650s] -- Up-to-date symlink: /home/nathanielrobotics/turtlebot3_ws/install/dynamixel_sdk/include//dynamixel_sdk/group_sync_read.h
[0.650s] -- Up-to-date symlink: /home/nathanielrobotics/turtlebot3_ws/install/dynamixel_sdk/include//dynamixel_sdk/group_sync_write.h
[0.651s] -- Up-to-date symlink: /home/nathanielrobotics/turtlebot3_ws/install/dynamixel_sdk/include//dynamixel_sdk/packet_handler.h
[0.651s] -- Up-to-date symlink: /home/nathanielrobotics/turtlebot3_ws/install/dynamixel_sdk/include//dynamixel_sdk/port_handler.h
[0.651s] -- Up-to-date symlink: /home/nathanielrobotics/turtlebot3_ws/install/dynamixel_sdk/include//dynamixel_sdk/port_handler_arduino.h
[0.652s] -- Up-to-date symlink: /home/nathanielrobotics/turtlebot3_ws/install/dynamixel_sdk/include//dynamixel_sdk/port_handler_linux.h
[0.652s] -- Up-to-date symlink: /home/nathanielrobotics/turtlebot3_ws/install/dynamixel_sdk/include//dynamixel_sdk/port_handler_mac.h
[0.652s] -- Up-to-date symlink: /home/nathanielrobotics/turtlebot3_ws/install/dynamixel_sdk/include//dynamixel_sdk/port_handler_windows.h
[0.656s] -- Up-to-date symlink: /home/nathanielrobotics/turtlebot3_ws/install/dynamixel_sdk/include//dynamixel_sdk/protocol1_packet_handler.h
[0.656s] -- Up-to-date symlink: /home/nathanielrobotics/turtlebot3_ws/install/dynamixel_sdk/include//dynamixel_sdk/protocol2_packet_handler.h
[0.657s] -- Up-to-date symlink: /home/nathanielrobotics/turtlebot3_ws/install/dynamixel_sdk/lib/libdynamixel_sdk.so
[0.657s] -- Up-to-date symlink: /home/nathanielrobotics/turtlebot3_ws/install/dynamixel_sdk/share/dynamixel_sdk/environment/pythonpath.sh
[0.657s] -- Up-to-date symlink: /home/nathanielrobotics/turtlebot3_ws/install/dynamixel_sdk/share/dynamixel_sdk/environment/pythonpath.dsv
[0.666s] -- Up-to-date symlink: /home/nathanielrobotics/turtlebot3_ws/install/dynamixel_sdk/local/lib/python3.10/dist-packages/dynamixel_sdk-3.8.3-py3.10.egg-info/PKG-INFO
[0.666s] -- Up-to-date symlink: /home/nathanielrobotics/turtlebot3_ws/install/dynamixel_sdk/local/lib/python3.10/dist-packages/dynamixel_sdk-3.8.3-py3.10.egg-info/SOURCES.txt
[0.666s] -- Up-to-date symlink: /home/nathanielrobotics/turtlebot3_ws/install/dynamixel_sdk/local/lib/python3.10/dist-packages/dynamixel_sdk-3.8.3-py3.10.egg-info/dependency_links.txt
[0.669s] -- Up-to-date symlink: /home/nathanielrobotics/turtlebot3_ws/install/dynamixel_sdk/local/lib/python3.10/dist-packages/dynamixel_sdk-3.8.3-py3.10.egg-info/top_level.txt
[0.669s] -- Up-to-date symlink: /home/nathanielrobotics/turtlebot3_ws/install/dynamixel_sdk/local/lib/python3.10/dist-packages/dynamixel_sdk/__init__.py
[0.669s] -- Up-to-date symlink: /home/nathanielrobotics/turtlebot3_ws/install/dynamixel_sdk/local/lib/python3.10/dist-packages/dynamixel_sdk/group_bulk_read.cpp
[0.670s] -- Up-to-date symlink: /home/nathanielrobotics/turtlebot3_ws/install/dynamixel_sdk/local/lib/python3.10/dist-packages/dynamixel_sdk/group_bulk_read.py
[0.670s] -- Up-to-date symlink: /home/nathanielrobotics/turtlebot3_ws/install/dynamixel_sdk/local/lib/python3.10/dist-packages/dynamixel_sdk/group_bulk_write.cpp
[0.670s] -- Up-to-date symlink: /home/nathanielrobotics/turtlebot3_ws/install/dynamixel_sdk/local/lib/python3.10/dist-packages/dynamixel_sdk/group_bulk_write.py
[0.670s] -- Up-to-date symlink: /home/nathanielrobotics/turtlebot3_ws/install/dynamixel_sdk/local/lib/python3.10/dist-packages/dynamixel_sdk/group_fast_bulk_read.cpp
[0.670s] -- Up-to-date symlink: /home/nathanielrobotics/turtlebot3_ws/install/dynamixel_sdk/local/lib/python3.10/dist-packages/dynamixel_sdk/group_fast_sync_read.cpp
[0.672s] -- Up-to-date symlink: /home/nathanielrobotics/turtlebot3_ws/install/dynamixel_sdk/local/lib/python3.10/dist-packages/dynamixel_sdk/group_handler.cpp
[0.672s] -- Up-to-date symlink: /home/nathanielrobotics/turtlebot3_ws/install/dynamixel_sdk/local/lib/python3.10/dist-packages/dynamixel_sdk/group_sync_read.cpp
[0.673s] -- Up-to-date symlink: /home/nathanielrobotics/turtlebot3_ws/install/dynamixel_sdk/local/lib/python3.10/dist-packages/dynamixel_sdk/group_sync_read.py
[0.673s] -- Up-to-date symlink: /home/nathanielrobotics/turtlebot3_ws/install/dynamixel_sdk/local/lib/python3.10/dist-packages/dynamixel_sdk/group_sync_write.cpp
[0.673s] -- Up-to-date symlink: /home/nathanielrobotics/turtlebot3_ws/install/dynamixel_sdk/local/lib/python3.10/dist-packages/dynamixel_sdk/group_sync_write.py
[0.673s] -- Up-to-date symlink: /home/nathanielrobotics/turtlebot3_ws/install/dynamixel_sdk/local/lib/python3.10/dist-packages/dynamixel_sdk/packet_handler.cpp
[0.674s] -- Up-to-date symlink: /home/nathanielrobotics/turtlebot3_ws/install/dynamixel_sdk/local/lib/python3.10/dist-packages/dynamixel_sdk/packet_handler.py
[0.674s] -- Up-to-date symlink: /home/nathanielrobotics/turtlebot3_ws/install/dynamixel_sdk/local/lib/python3.10/dist-packages/dynamixel_sdk/port_handler.cpp
[0.674s] -- Up-to-date symlink: /home/nathanielrobotics/turtlebot3_ws/install/dynamixel_sdk/local/lib/python3.10/dist-packages/dynamixel_sdk/port_handler.py
[0.674s] -- Up-to-date symlink: /home/nathanielrobotics/turtlebot3_ws/install/dynamixel_sdk/local/lib/python3.10/dist-packages/dynamixel_sdk/port_handler_arduino.cpp
[0.675s] -- Up-to-date symlink: /home/nathanielrobotics/turtlebot3_ws/install/dynamixel_sdk/local/lib/python3.10/dist-packages/dynamixel_sdk/port_handler_linux.cpp
[0.675s] -- Up-to-date symlink: /home/nathanielrobotics/turtlebot3_ws/install/dynamixel_sdk/local/lib/python3.10/dist-packages/dynamixel_sdk/port_handler_mac.cpp
[0.675s] -- Up-to-date symlink: /home/nathanielrobotics/turtlebot3_ws/install/dynamixel_sdk/local/lib/python3.10/dist-packages/dynamixel_sdk/port_handler_windows.cpp
[0.676s] -- Up-to-date symlink: /home/nathanielrobotics/turtlebot3_ws/install/dynamixel_sdk/local/lib/python3.10/dist-packages/dynamixel_sdk/protocol1_packet_handler.cpp
[0.676s] -- Up-to-date symlink: /home/nathanielrobotics/turtlebot3_ws/install/dynamixel_sdk/local/lib/python3.10/dist-packages/dynamixel_sdk/protocol1_packet_handler.py
[0.676s] -- Up-to-date symlink: /home/nathanielrobotics/turtlebot3_ws/install/dynamixel_sdk/local/lib/python3.10/dist-packages/dynamixel_sdk/protocol2_packet_handler.cpp
[0.677s] -- Up-to-date symlink: /home/nathanielrobotics/turtlebot3_ws/install/dynamixel_sdk/local/lib/python3.10/dist-packages/dynamixel_sdk/protocol2_packet_handler.py
[0.677s] -- Up-to-date symlink: /home/nathanielrobotics/turtlebot3_ws/install/dynamixel_sdk/local/lib/python3.10/dist-packages/dynamixel_sdk/robotis_def.py
[0.677s] -- Up-to-date symlink: /home/nathanielrobotics/turtlebot3_ws/install/dynamixel_sdk/share/dynamixel_sdk/environment/library_path.sh
[0.677s] -- Up-to-date symlink: /home/nathanielrobotics/turtlebot3_ws/install/dynamixel_sdk/share/dynamixel_sdk/environment/library_path.dsv
[0.678s] -- Up-to-date symlink: /home/nathanielrobotics/turtlebot3_ws/install/dynamixel_sdk/share/ament_index/resource_index/package_run_dependencies/dynamixel_sdk
[0.678s] -- Up-to-date symlink: /home/nathanielrobotics/turtlebot3_ws/install/dynamixel_sdk/share/ament_index/resource_index/parent_prefix_path/dynamixel_sdk
[0.678s] -- Up-to-date symlink: /home/nathanielrobotics/turtlebot3_ws/install/dynamixel_sdk/share/dynamixel_sdk/environment/ament_prefix_path.sh
[0.679s] -- Up-to-date symlink: /home/nathanielrobotics/turtlebot3_ws/install/dynamixel_sdk/share/dynamixel_sdk/environment/ament_prefix_path.dsv
[0.679s] -- Up-to-date symlink: /home/nathanielrobotics/turtlebot3_ws/install/dynamixel_sdk/share/dynamixel_sdk/environment/path.sh
[0.679s] -- Up-to-date symlink: /home/nathanielrobotics/turtlebot3_ws/install/dynamixel_sdk/share/dynamixel_sdk/environment/path.dsv
[0.680s] -- Up-to-date symlink: /home/nathanielrobotics/turtlebot3_ws/install/dynamixel_sdk/share/dynamixel_sdk/local_setup.bash
[0.680s] -- Up-to-date symlink: /home/nathanielrobotics/turtlebot3_ws/install/dynamixel_sdk/share/dynamixel_sdk/local_setup.sh
[0.680s] -- Up-to-date symlink: /home/nathanielrobotics/turtlebot3_ws/install/dynamixel_sdk/share/dynamixel_sdk/local_setup.zsh
[0.681s] -- Up-to-date symlink: /home/nathanielrobotics/turtlebot3_ws/install/dynamixel_sdk/share/dynamixel_sdk/local_setup.dsv
[0.681s] -- Symlinking: /home/nathanielrobotics/turtlebot3_ws/install/dynamixel_sdk/share/dynamixel_sdk/package.dsv
[0.692s] -- Up-to-date symlink: /home/nathanielrobotics/turtlebot3_ws/install/dynamixel_sdk/share/ament_index/resource_index/packages/dynamixel_sdk
[0.692s] -- Up-to-date symlink: /home/nathanielrobotics/turtlebot3_ws/install/dynamixel_sdk/share/dynamixel_sdk/cmake/ament_cmake_export_include_directories-extras.cmake
[0.692s] -- Up-to-date symlink: /home/nathanielrobotics/turtlebot3_ws/install/dynamixel_sdk/share/dynamixel_sdk/cmake/ament_cmake_export_libraries-extras.cmake
[0.693s] -- Up-to-date symlink: /home/nathanielrobotics/turtlebot3_ws/install/dynamixel_sdk/share/dynamixel_sdk/cmake/dynamixel_sdkConfig.cmake
[0.693s] -- Up-to-date symlink: /home/nathanielrobotics/turtlebot3_ws/install/dynamixel_sdk/share/dynamixel_sdk/cmake/dynamixel_sdkConfig-version.cmake
[0.693s] -- Up-to-date symlink: /home/nathanielrobotics/turtlebot3_ws/install/dynamixel_sdk/share/dynamixel_sdk/package.xml
[0.699s] Listing '/home/nathanielrobotics/turtlebot3_ws/install/dynamixel_sdk/local/lib/python3.10/dist-packages/dynamixel_sdk'...
[0.730s] Invoked command in '/home/nathanielrobotics/turtlebot3_ws/build/dynamixel_sdk' returned '0': CMAKE_PREFIX_PATH=${CMAKE_PREFIX_PATH}:/home/nathanielrobotics/turtlebot3_ws/install/turtlebot3_teleop:/home/nathanielrobotics/turtlebot3_ws/install/turtlebot3_example:/home/nathanielrobotics/ros2_ws/install/forward_kinematics:/home/nathanielrobotics/ros2_ws/install/ur3e_enme480:/opt/ros/humble /usr/bin/cmake --install /home/nathanielrobotics/turtlebot3_ws/build/dynamixel_sdk
