[0.037s] Invoking command in '/home/nathanielrobotics/turtlebot3_ws/build/turtlebot3_cartographer': CMAKE_PREFIX_PATH=${CMAKE_PREFIX_PATH}:/home/nathanielrobotics/turtlebot3_ws/install/turtle_move:/home/nathanielrobotics/turtlebot3_ws/install/turtlebot3_teleop:/home/nathanielrobotics/turtlebot3_ws/install/turtlebot3_example:/home/nathanielrobotics/ros2_ws/install/forward_kinematics:/home/nathanielrobotics/ros2_ws/install/ur3e_enme480:/opt/ros/humble /usr/bin/cmake --build /home/nathanielrobotics/turtlebot3_ws/build/turtlebot3_cartographer -- -j16 -l16
[0.358s] Invoked command in '/home/nathanielrobotics/turtlebot3_ws/build/turtlebot3_cartographer' returned '0': CMAKE_PREFIX_PATH=${CMAKE_PREFIX_PATH}:/home/nathanielrobotics/turtlebot3_ws/install/turtle_move:/home/nathanielrobotics/turtlebot3_ws/install/turtlebot3_teleop:/home/nathanielrobotics/turtlebot3_ws/install/turtlebot3_example:/home/nathanielrobotics/ros2_ws/install/forward_kinematics:/home/nathanielrobotics/ros2_ws/install/ur3e_enme480:/opt/ros/humble /usr/bin/cmake --build /home/nathanielrobotics/turtlebot3_ws/build/turtlebot3_cartographer -- -j16 -l16
[0.360s] Invoking command in '/home/nathanielrobotics/turtlebot3_ws/build/turtlebot3_cartographer': CMAKE_PREFIX_PATH=${CMAKE_PREFIX_PATH}:/home/nathanielrobotics/turtlebot3_ws/install/turtle_move:/home/nathanielrobotics/turtlebot3_ws/install/turtlebot3_teleop:/home/nathanielrobotics/turtlebot3_ws/install/turtlebot3_example:/home/nathanielrobotics/ros2_ws/install/forward_kinematics:/home/nathanielrobotics/ros2_ws/install/ur3e_enme480:/opt/ros/humble /usr/bin/cmake --install /home/nathanielrobotics/turtlebot3_ws/build/turtlebot3_cartographer
[0.577s] -- Install configuration: ""
[0.577s] -- Execute custom install script
[0.577s] -- Up-to-date symlink: /home/nathanielrobotics/turtlebot3_ws/install/turtlebot3_cartographer/share/turtlebot3_cartographer/config/turtlebot3_lds_2d.lua
[0.577s] -- Up-to-date symlink: /home/nathanielrobotics/turtlebot3_ws/install/turtlebot3_cartographer/share/turtlebot3_cartographer/launch/cartographer.launch.py
[0.577s] -- Up-to-date symlink: /home/nathanielrobotics/turtlebot3_ws/install/turtlebot3_cartographer/share/turtlebot3_cartographer/launch/occupancy_grid.launch.py
[0.577s] -- Up-to-date symlink: /home/nathanielrobotics/turtlebot3_ws/install/turtlebot3_cartographer/share/turtlebot3_cartographer/rviz/tb3_cartographer.rviz
[0.577s] -- Up-to-date symlink: /home/nathanielrobotics/turtlebot3_ws/install/turtlebot3_cartographer/share/ament_index/resource_index/package_run_dependencies/turtlebot3_cartographer
[0.578s] -- Up-to-date symlink: /home/nathanielrobotics/turtlebot3_ws/install/turtlebot3_cartographer/share/ament_index/resource_index/parent_prefix_path/turtlebot3_cartographer
[0.578s] -- Up-to-date symlink: /home/nathanielrobotics/turtlebot3_ws/install/turtlebot3_cartographer/share/turtlebot3_cartographer/environment/ament_prefix_path.sh
[0.578s] -- Up-to-date symlink: /home/nathanielrobotics/turtlebot3_ws/install/turtlebot3_cartographer/share/turtlebot3_cartographer/environment/ament_prefix_path.dsv
[0.578s] -- Up-to-date symlink: /home/nathanielrobotics/turtlebot3_ws/install/turtlebot3_cartographer/share/turtlebot3_cartographer/environment/path.sh
[0.578s] -- Up-to-date symlink: /home/nathanielrobotics/turtlebot3_ws/install/turtlebot3_cartographer/share/turtlebot3_cartographer/environment/path.dsv
[0.578s] -- Up-to-date symlink: /home/nathanielrobotics/turtlebot3_ws/install/turtlebot3_cartographer/share/turtlebot3_cartographer/local_setup.bash
[0.578s] -- Up-to-date symlink: /home/nathanielrobotics/turtlebot3_ws/install/turtlebot3_cartographer/share/turtlebot3_cartographer/local_setup.sh
[0.578s] -- Up-to-date symlink: /home/nathanielrobotics/turtlebot3_ws/install/turtlebot3_cartographer/share/turtlebot3_cartographer/local_setup.zsh
[0.578s] -- Up-to-date symlink: /home/nathanielrobotics/turtlebot3_ws/install/turtlebot3_cartographer/share/turtlebot3_cartographer/local_setup.dsv
[0.578s] -- Symlinking: /home/nathanielrobotics/turtlebot3_ws/install/turtlebot3_cartographer/share/turtlebot3_cartographer/package.dsv
[0.579s] -- Up-to-date symlink: /home/nathanielrobotics/turtlebot3_ws/install/turtlebot3_cartographer/share/ament_index/resource_index/packages/turtlebot3_cartographer
[0.579s] -- Up-to-date symlink: /home/nathanielrobotics/turtlebot3_ws/install/turtlebot3_cartographer/share/turtlebot3_cartographer/cmake/turtlebot3_cartographerConfig.cmake
[0.579s] -- Up-to-date symlink: /home/nathanielrobotics/turtlebot3_ws/install/turtlebot3_cartographer/share/turtlebot3_cartographer/cmake/turtlebot3_cartographerConfig-version.cmake
[0.579s] -- Up-to-date symlink: /home/nathanielrobotics/turtlebot3_ws/install/turtlebot3_cartographer/share/turtlebot3_cartographer/package.xml
[0.579s] Invoked command in '/home/nathanielrobotics/turtlebot3_ws/build/turtlebot3_cartographer' returned '0': CMAKE_PREFIX_PATH=${CMAKE_PREFIX_PATH}:/home/nathanielrobotics/turtlebot3_ws/install/turtle_move:/home/nathanielrobotics/turtlebot3_ws/install/turtlebot3_teleop:/home/nathanielrobotics/turtlebot3_ws/install/turtlebot3_example:/home/nathanielrobotics/ros2_ws/install/forward_kinematics:/home/nathanielrobotics/ros2_ws/install/ur3e_enme480:/opt/ros/humble /usr/bin/cmake --install /home/nathanielrobotics/turtlebot3_ws/build/turtlebot3_cartographer
