[0.046s] Invoking command in '/home/nathanielrobotics/turtlebot3_ws/build/dynamixel_sdk': CMAKE_PREFIX_PATH=${CMAKE_PREFIX_PATH}:/home/nathanielrobotics/ros2_ws/install/forward_kinematics:/home/nathanielrobotics/ros2_ws/install/ur3e_enme480:/opt/ros/humble /usr/bin/cmake --build /home/nathanielrobotics/turtlebot3_ws/build/dynamixel_sdk -- -j16 -l16
[0.164s] [35m[1mConsolidate compiler generated dependencies of target dynamixel_sdk[0m
[0.178s] [  0%] Built target ament_cmake_python_symlink_dynamixel_sdk
[0.199s] [100%] Built target dynamixel_sdk
[0.477s] running egg_info
[0.478s] writing dynamixel_sdk.egg-info/PKG-INFO
[0.478s] writing dependency_links to dynamixel_sdk.egg-info/dependency_links.txt
[0.479s] writing top-level names to dynamixel_sdk.egg-info/top_level.txt
[0.484s] reading manifest file 'dynamixel_sdk.egg-info/SOURCES.txt'
[0.486s] writing manifest file 'dynamixel_sdk.egg-info/SOURCES.txt'
[0.514s] [100%] Built target ament_cmake_python_build_dynamixel_sdk_egg
[0.546s] Invoked command in '/home/nathanielrobotics/turtlebot3_ws/build/dynamixel_sdk' returned '0': CMAKE_PREFIX_PATH=${CMAKE_PREFIX_PATH}:/home/nathanielrobotics/ros2_ws/install/forward_kinematics:/home/nathanielrobotics/ros2_ws/install/ur3e_enme480:/opt/ros/humble /usr/bin/cmake --build /home/nathanielrobotics/turtlebot3_ws/build/dynamixel_sdk -- -j16 -l16
[0.549s] Invoking command in '/home/nathanielrobotics/turtlebot3_ws/build/dynamixel_sdk': CMAKE_PREFIX_PATH=${CMAKE_PREFIX_PATH}:/home/nathanielrobotics/ros2_ws/install/forward_kinematics:/home/nathanielrobotics/ros2_ws/install/ur3e_enme480:/opt/ros/humble /usr/bin/cmake --install /home/nathanielrobotics/turtlebot3_ws/build/dynamixel_sdk
[0.558s] -- Install configuration: ""
[0.558s] -- Execute custom install script
[0.559s] -- Up-to-date symlink: /home/nathanielrobotics/turtlebot3_ws/install/dynamixel_sdk/include//dynamixel_sdk/dynamixel_sdk.h
[0.560s] -- Up-to-date symlink: /home/nathanielrobotics/turtlebot3_ws/install/dynamixel_sdk/include//dynamixel_sdk/group_bulk_read.h
[0.560s] -- Up-to-date symlink: /home/nathanielrobotics/turtlebot3_ws/install/dynamixel_sdk/include//dynamixel_sdk/group_bulk_write.h
[0.560s] -- Up-to-date symlink: /home/nathanielrobotics/turtlebot3_ws/install/dynamixel_sdk/include//dynamixel_sdk/group_fast_bulk_read.h
[0.561s] -- Up-to-date symlink: /home/nathanielrobotics/turtlebot3_ws/install/dynamixel_sdk/include//dynamixel_sdk/group_fast_sync_read.h
[0.561s] -- Up-to-date symlink: /home/nathanielrobotics/turtlebot3_ws/install/dynamixel_sdk/include//dynamixel_sdk/group_handler.h
[0.562s] -- Up-to-date symlink: /home/nathanielrobotics/turtlebot3_ws/install/dynamixel_sdk/include//dynamixel_sdk/group_sync_read.h
[0.562s] -- Up-to-date symlink: /home/nathanielrobotics/turtlebot3_ws/install/dynamixel_sdk/include//dynamixel_sdk/group_sync_write.h
[0.562s] -- Up-to-date symlink: /home/nathanielrobotics/turtlebot3_ws/install/dynamixel_sdk/include//dynamixel_sdk/packet_handler.h
[0.563s] -- Up-to-date symlink: /home/nathanielrobotics/turtlebot3_ws/install/dynamixel_sdk/include//dynamixel_sdk/port_handler.h
[0.563s] -- Up-to-date symlink: /home/nathanielrobotics/turtlebot3_ws/install/dynamixel_sdk/include//dynamixel_sdk/port_handler_arduino.h
[0.563s] -- Up-to-date symlink: /home/nathanielrobotics/turtlebot3_ws/install/dynamixel_sdk/include//dynamixel_sdk/port_handler_linux.h
[0.563s] -- Up-to-date symlink: /home/nathanielrobotics/turtlebot3_ws/install/dynamixel_sdk/include//dynamixel_sdk/port_handler_mac.h
[0.564s] -- Up-to-date symlink: /home/nathanielrobotics/turtlebot3_ws/install/dynamixel_sdk/include//dynamixel_sdk/port_handler_windows.h
[0.564s] -- Up-to-date symlink: /home/nathanielrobotics/turtlebot3_ws/install/dynamixel_sdk/include//dynamixel_sdk/protocol1_packet_handler.h
[0.564s] -- Up-to-date symlink: /home/nathanielrobotics/turtlebot3_ws/install/dynamixel_sdk/include//dynamixel_sdk/protocol2_packet_handler.h
[0.566s] -- Up-to-date symlink: /home/nathanielrobotics/turtlebot3_ws/install/dynamixel_sdk/lib/libdynamixel_sdk.so
[0.567s] -- Up-to-date symlink: /home/nathanielrobotics/turtlebot3_ws/install/dynamixel_sdk/share/dynamixel_sdk/environment/pythonpath.sh
[0.567s] -- Up-to-date symlink: /home/nathanielrobotics/turtlebot3_ws/install/dynamixel_sdk/share/dynamixel_sdk/environment/pythonpath.dsv
[0.569s] -- Up-to-date symlink: /home/nathanielrobotics/turtlebot3_ws/install/dynamixel_sdk/local/lib/python3.10/dist-packages/dynamixel_sdk-3.8.3-py3.10.egg-info/PKG-INFO
[0.569s] -- Up-to-date symlink: /home/nathanielrobotics/turtlebot3_ws/install/dynamixel_sdk/local/lib/python3.10/dist-packages/dynamixel_sdk-3.8.3-py3.10.egg-info/SOURCES.txt
[0.569s] -- Up-to-date symlink: /home/nathanielrobotics/turtlebot3_ws/install/dynamixel_sdk/local/lib/python3.10/dist-packages/dynamixel_sdk-3.8.3-py3.10.egg-info/dependency_links.txt
[0.569s] -- Up-to-date symlink: /home/nathanielrobotics/turtlebot3_ws/install/dynamixel_sdk/local/lib/python3.10/dist-packages/dynamixel_sdk-3.8.3-py3.10.egg-info/top_level.txt
[0.571s] -- Up-to-date symlink: /home/nathanielrobotics/turtlebot3_ws/install/dynamixel_sdk/local/lib/python3.10/dist-packages/dynamixel_sdk/__init__.py
[0.571s] -- Up-to-date symlink: /home/nathanielrobotics/turtlebot3_ws/install/dynamixel_sdk/local/lib/python3.10/dist-packages/dynamixel_sdk/group_bulk_read.cpp
[0.572s] -- Up-to-date symlink: /home/nathanielrobotics/turtlebot3_ws/install/dynamixel_sdk/local/lib/python3.10/dist-packages/dynamixel_sdk/group_bulk_read.py
[0.572s] -- Up-to-date symlink: /home/nathanielrobotics/turtlebot3_ws/install/dynamixel_sdk/local/lib/python3.10/dist-packages/dynamixel_sdk/group_bulk_write.cpp
[0.572s] -- Up-to-date symlink: /home/nathanielrobotics/turtlebot3_ws/install/dynamixel_sdk/local/lib/python3.10/dist-packages/dynamixel_sdk/group_bulk_write.py
[0.573s] -- Up-to-date symlink: /home/nathanielrobotics/turtlebot3_ws/install/dynamixel_sdk/local/lib/python3.10/dist-packages/dynamixel_sdk/group_fast_bulk_read.cpp
[0.573s] -- Up-to-date symlink: /home/nathanielrobotics/turtlebot3_ws/install/dynamixel_sdk/local/lib/python3.10/dist-packages/dynamixel_sdk/group_fast_sync_read.cpp
[0.573s] -- Up-to-date symlink: /home/nathanielrobotics/turtlebot3_ws/install/dynamixel_sdk/local/lib/python3.10/dist-packages/dynamixel_sdk/group_handler.cpp
[0.574s] -- Up-to-date symlink: /home/nathanielrobotics/turtlebot3_ws/install/dynamixel_sdk/local/lib/python3.10/dist-packages/dynamixel_sdk/group_sync_read.cpp
[0.574s] -- Up-to-date symlink: /home/nathanielrobotics/turtlebot3_ws/install/dynamixel_sdk/local/lib/python3.10/dist-packages/dynamixel_sdk/group_sync_read.py
[0.574s] -- Up-to-date symlink: /home/nathanielrobotics/turtlebot3_ws/install/dynamixel_sdk/local/lib/python3.10/dist-packages/dynamixel_sdk/group_sync_write.cpp
[0.575s] -- Up-to-date symlink: /home/nathanielrobotics/turtlebot3_ws/install/dynamixel_sdk/local/lib/python3.10/dist-packages/dynamixel_sdk/group_sync_write.py
[0.575s] -- Up-to-date symlink: /home/nathanielrobotics/turtlebot3_ws/install/dynamixel_sdk/local/lib/python3.10/dist-packages/dynamixel_sdk/packet_handler.cpp
[0.575s] -- Up-to-date symlink: /home/nathanielrobotics/turtlebot3_ws/install/dynamixel_sdk/local/lib/python3.10/dist-packages/dynamixel_sdk/packet_handler.py
[0.576s] -- Up-to-date symlink: /home/nathanielrobotics/turtlebot3_ws/install/dynamixel_sdk/local/lib/python3.10/dist-packages/dynamixel_sdk/port_handler.cpp
[0.576s] -- Up-to-date symlink: /home/nathanielrobotics/turtlebot3_ws/install/dynamixel_sdk/local/lib/python3.10/dist-packages/dynamixel_sdk/port_handler.py
[0.576s] -- Up-to-date symlink: /home/nathanielrobotics/turtlebot3_ws/install/dynamixel_sdk/local/lib/python3.10/dist-packages/dynamixel_sdk/port_handler_arduino.cpp
[0.577s] -- Up-to-date symlink: /home/nathanielrobotics/turtlebot3_ws/install/dynamixel_sdk/local/lib/python3.10/dist-packages/dynamixel_sdk/port_handler_linux.cpp
[0.577s] -- Up-to-date symlink: /home/nathanielrobotics/turtlebot3_ws/install/dynamixel_sdk/local/lib/python3.10/dist-packages/dynamixel_sdk/port_handler_mac.cpp
[0.577s] -- Up-to-date symlink: /home/nathanielrobotics/turtlebot3_ws/install/dynamixel_sdk/local/lib/python3.10/dist-packages/dynamixel_sdk/port_handler_windows.cpp
[0.578s] -- Up-to-date symlink: /home/nathanielrobotics/turtlebot3_ws/install/dynamixel_sdk/local/lib/python3.10/dist-packages/dynamixel_sdk/protocol1_packet_handler.cpp
[0.578s] -- Up-to-date symlink: /home/nathanielrobotics/turtlebot3_ws/install/dynamixel_sdk/local/lib/python3.10/dist-packages/dynamixel_sdk/protocol1_packet_handler.py
[0.578s] -- Up-to-date symlink: /home/nathanielrobotics/turtlebot3_ws/install/dynamixel_sdk/local/lib/python3.10/dist-packages/dynamixel_sdk/protocol2_packet_handler.cpp
[0.579s] -- Up-to-date symlink: /home/nathanielrobotics/turtlebot3_ws/install/dynamixel_sdk/local/lib/python3.10/dist-packages/dynamixel_sdk/protocol2_packet_handler.py
[0.579s] -- Up-to-date symlink: /home/nathanielrobotics/turtlebot3_ws/install/dynamixel_sdk/local/lib/python3.10/dist-packages/dynamixel_sdk/robotis_def.py
[0.579s] -- Up-to-date symlink: /home/nathanielrobotics/turtlebot3_ws/install/dynamixel_sdk/share/dynamixel_sdk/environment/library_path.sh
[0.580s] -- Up-to-date symlink: /home/nathanielrobotics/turtlebot3_ws/install/dynamixel_sdk/share/dynamixel_sdk/environment/library_path.dsv
[0.581s] -- Up-to-date symlink: /home/nathanielrobotics/turtlebot3_ws/install/dynamixel_sdk/share/ament_index/resource_index/package_run_dependencies/dynamixel_sdk
[0.582s] -- Up-to-date symlink: /home/nathanielrobotics/turtlebot3_ws/install/dynamixel_sdk/share/ament_index/resource_index/parent_prefix_path/dynamixel_sdk
[0.582s] -- Up-to-date symlink: /home/nathanielrobotics/turtlebot3_ws/install/dynamixel_sdk/share/dynamixel_sdk/environment/ament_prefix_path.sh
[0.583s] -- Up-to-date symlink: /home/nathanielrobotics/turtlebot3_ws/install/dynamixel_sdk/share/dynamixel_sdk/environment/ament_prefix_path.dsv
[0.583s] -- Up-to-date symlink: /home/nathanielrobotics/turtlebot3_ws/install/dynamixel_sdk/share/dynamixel_sdk/environment/path.sh
[0.583s] -- Up-to-date symlink: /home/nathanielrobotics/turtlebot3_ws/install/dynamixel_sdk/share/dynamixel_sdk/environment/path.dsv
[0.584s] -- Up-to-date symlink: /home/nathanielrobotics/turtlebot3_ws/install/dynamixel_sdk/share/dynamixel_sdk/local_setup.bash
[0.584s] -- Up-to-date symlink: /home/nathanielrobotics/turtlebot3_ws/install/dynamixel_sdk/share/dynamixel_sdk/local_setup.sh
[0.584s] -- Up-to-date symlink: /home/nathanielrobotics/turtlebot3_ws/install/dynamixel_sdk/share/dynamixel_sdk/local_setup.zsh
[0.585s] -- Up-to-date symlink: /home/nathanielrobotics/turtlebot3_ws/install/dynamixel_sdk/share/dynamixel_sdk/local_setup.dsv
[0.585s] -- Symlinking: /home/nathanielrobotics/turtlebot3_ws/install/dynamixel_sdk/share/dynamixel_sdk/package.dsv
[0.595s] -- Up-to-date symlink: /home/nathanielrobotics/turtlebot3_ws/install/dynamixel_sdk/share/ament_index/resource_index/packages/dynamixel_sdk
[0.596s] -- Up-to-date symlink: /home/nathanielrobotics/turtlebot3_ws/install/dynamixel_sdk/share/dynamixel_sdk/cmake/ament_cmake_export_include_directories-extras.cmake
[0.596s] -- Up-to-date symlink: /home/nathanielrobotics/turtlebot3_ws/install/dynamixel_sdk/share/dynamixel_sdk/cmake/ament_cmake_export_libraries-extras.cmake
[0.597s] -- Up-to-date symlink: /home/nathanielrobotics/turtlebot3_ws/install/dynamixel_sdk/share/dynamixel_sdk/cmake/dynamixel_sdkConfig.cmake
[0.597s] -- Up-to-date symlink: /home/nathanielrobotics/turtlebot3_ws/install/dynamixel_sdk/share/dynamixel_sdk/cmake/dynamixel_sdkConfig-version.cmake
[0.597s] -- Up-to-date symlink: /home/nathanielrobotics/turtlebot3_ws/install/dynamixel_sdk/share/dynamixel_sdk/package.xml
[0.641s] Listing '/home/nathanielrobotics/turtlebot3_ws/install/dynamixel_sdk/local/lib/python3.10/dist-packages/dynamixel_sdk'...
[0.648s] Invoked command in '/home/nathanielrobotics/turtlebot3_ws/build/dynamixel_sdk' returned '0': CMAKE_PREFIX_PATH=${CMAKE_PREFIX_PATH}:/home/nathanielrobotics/ros2_ws/install/forward_kinematics:/home/nathanielrobotics/ros2_ws/install/ur3e_enme480:/opt/ros/humble /usr/bin/cmake --install /home/nathanielrobotics/turtlebot3_ws/build/dynamixel_sdk
