running develop
running egg_info
creating turtle_move.egg-info
writing turtle_move.egg-info/PKG-INFO
writing dependency_links to turtle_move.egg-info/dependency_links.txt
writing entry points to turtle_move.egg-info/entry_points.txt
writing requirements to turtle_move.egg-info/requires.txt
writing top-level names to turtle_move.egg-info/top_level.txt
writing manifest file 'turtle_move.egg-info/SOURCES.txt'
reading manifest file 'turtle_move.egg-info/SOURCES.txt'
writing manifest file 'turtle_move.egg-info/SOURCES.txt'
running build_ext
Creating /home/nathanielrobotics/turtlebot3_ws/install/turtle_move/lib/python3.10/site-packages/turtle-move.egg-link (link to .)
Installing move script to /home/nathanielrobotics/turtlebot3_ws/install/turtle_move/lib/turtle_move

Installed /home/nathanielrobotics/turtlebot3_ws/build/turtle_move
running symlink_data
creating /home/nathanielrobotics/turtlebot3_ws/install/turtle_move/share/ament_index
creating /home/nathanielrobotics/turtlebot3_ws/install/turtle_move/share/ament_index/resource_index
creating /home/nathanielrobotics/turtlebot3_ws/install/turtle_move/share/ament_index/resource_index/packages
symbolically linking /home/nathanielrobotics/turtlebot3_ws/build/turtle_move/resource/turtle_move -> /home/nathanielrobotics/turtlebot3_ws/install/turtle_move/share/ament_index/resource_index/packages
symbolically linking /home/nathanielrobotics/turtlebot3_ws/build/turtle_move/package.xml -> /home/nathanielrobotics/turtlebot3_ws/install/turtle_move/share/turtle_move
